#
# There is insufficient memory for the Java Runtime Environment to continue.
# Native memory allocation (mmap) failed to map 264241152 bytes for G1 virtual space
# Possible reasons:
#   The system is out of physical RAM or swap space
#   The process is running with CompressedOops enabled, and the Java Heap may be blocking the growth of the native heap
# Possible solutions:
#   Reduce memory load on the system
#   Increase physical memory or swap space
#   Check if swap backing store is full
#   Decrease Java heap size (-Xmx/-Xms)
#   Decrease number of Java threads
#   Decrease Java thread stack sizes (-Xss)
#   Set larger code cache with -XX:ReservedCodeCacheSize=
#   JVM is running with Unscaled Compressed Oops mode in which the Java heap is
#     placed in the first 4GB address space. The Java Heap base address is the
#     maximum limit for the native heap growth. Please use -XX:HeapBaseMinAddress
#     to set the Java Heap base and to place the Java Heap above 4GB virtual address.
# This output file may be truncated or incomplete.
#
#  Out of Memory Error (os_windows.cpp:3552), pid=3400, tid=27184
#
# JRE version:  (17.0.9+11) (build )
# Java VM: Java HotSpot(TM) 64-Bit Server VM (17.0.9+11-LTS-201, mixed mode, sharing, tiered, compressed oops, compressed class ptrs, g1 gc, windows-amd64)
# No core dump will be written. Minidumps are not enabled by default on client versions of Windows
#

---------------  S U M M A R Y ------------

Command Line: -Dorg.gradle.internal.worker.tmpdir=C:\Users\pjj\Desktop\25년 이직 화이팅\부트캠퍼스\1강\boardServer\boardServer\build\tmp\test\work -Xmx512m -Dfile.encoding=x-windows-949 -Duser.country=KR -Duser.language=ko -Duser.variant -ea worker.org.gradle.process.internal.worker.GradleWorkerMain 'Gradle Test Executor 9'

Host: 11th Gen Intel(R) Core(TM) i5-11300H @ 3.10GHz, 8 cores, 15G,  Windows 11 , 64 bit Build 22621 (10.0.22621.3958)
Time: Mon Nov  4 18:13:30 2024  Windows 11 , 64 bit Build 22621 (10.0.22621.3958) elapsed time: 0.026785 seconds (0d 0h 0m 0s)

---------------  T H R E A D  ---------------

Current thread (0x00000202c7e451d0):  JavaThread "Unknown thread" [_thread_in_vm, id=27184, stack(0x0000004257e00000,0x0000004257f00000)]

Stack: [0x0000004257e00000,0x0000004257f00000]
Native frames: (J=compiled Java code, j=interpreted, Vv=VM code, C=native code)
V  [jvm.dll+0x678a4a]
V  [jvm.dll+0x7d9cfd]
V  [jvm.dll+0x7db60e]
V  [jvm.dll+0x7dbc73]
V  [jvm.dll+0x245e1f]
V  [jvm.dll+0x6758f9]
V  [jvm.dll+0x66a2a2]
V  [jvm.dll+0x303686]
V  [jvm.dll+0x30ac06]
V  [jvm.dll+0x35a48e]
V  [jvm.dll+0x35a6bf]
V  [jvm.dll+0x2da678]
V  [jvm.dll+0x2db5e4]
V  [jvm.dll+0x7ab6b1]
V  [jvm.dll+0x368041]
V  [jvm.dll+0x78a749]
V  [jvm.dll+0x3ebd4f]
V  [jvm.dll+0x3ed7d1]
C  [jli.dll+0x5297]
C  [ucrtbase.dll+0x29333]
C  [KERNEL32.DLL+0x1257d]
C  [ntdll.dll+0x5af08]


---------------  P R O C E S S  ---------------

Threads class SMR info:
_java_thread_list=0x00007ffbf9d289d8, length=0, elements={
}

Java Threads: ( => current thread )

Other Threads:
  0x00000202c7e7ab00 GCTaskThread "GC Thread#0" [stack: 0x0000004257f00000,0x0000004258000000] [id=1464]
  0x00000202c7e7ea40 ConcurrentGCThread "G1 Main Marker" [stack: 0x0000004258000000,0x0000004258100000] [id=27396]
  0x00000202c7e7fbf0 ConcurrentGCThread "G1 Conc#0" [stack: 0x0000004258100000,0x0000004258200000] [id=24996]

[error occurred during error reporting (printing all threads), id 0xc0000005, EXCEPTION_ACCESS_VIOLATION (0xc0000005) at pc=0x00007ffbf955b2d7]

VM state: not at safepoint (not fully initialized)

VM Mutex/Monitor currently owned by a thread:  ([mutex/lock_event])
[0x00000202c7e42250] Heap_lock - owner thread: 0x00000202c7e451d0

Heap address: 0x00000000e0000000, size: 512 MB, Compressed Oops mode: 32-bit

CDS archive(s) mapped at: [0x0000000000000000-0x0000000000000000-0x0000000000000000), size 0, SharedBaseAddress: 0x0000000800000000, ArchiveRelocationMode: 1.
Narrow klass base: 0x0000000000000000, Narrow klass shift: 0, Narrow klass range: 0x0

GC Precious Log:
<Empty>

Heap:
 garbage-first heap   total 0K, used 0K [0x00000000e0000000, 0x0000000100000000)
  region size 1024K, 0 young (0K), 0 survivors (0K)

[error occurred during error reporting (printing heap information), id 0xc0000005, EXCEPTION_ACCESS_VIOLATION (0xc0000005) at pc=0x00007ffbf9942229]

GC Heap History (0 events):
No events

Deoptimization events (0 events):
No events

Classes unloaded (0 events):
No events

Classes redefined (0 events):
No events

Internal exceptions (0 events):
No events

VM Operations (0 events):
No events

Events (1 events):
Event: 0.018 Loaded shared library C:\Program Files\Java\jdk-17\bin\java.dll


Dynamic libraries:
0x00007ff669760000 - 0x00007ff669770000 	C:\Program Files\Java\jdk-17\bin\java.exe
0x00007ffc761f0000 - 0x00007ffc76407000 	C:\WINDOWS\SYSTEM32\ntdll.dll
0x00007ffc745d0000 - 0x00007ffc74694000 	C:\WINDOWS\System32\KERNEL32.DLL
0x00007ffc73620000 - 0x00007ffc739d7000 	C:\WINDOWS\System32\KERNELBASE.dll
0x00007ffc73a50000 - 0x00007ffc73b61000 	C:\WINDOWS\System32\ucrtbase.dll
0x00007ffc2af50000 - 0x00007ffc2af69000 	C:\Program Files\Java\jdk-17\bin\jli.dll
0x00007ffc44e50000 - 0x00007ffc44e6b000 	C:\Program Files\Java\jdk-17\bin\VCRUNTIME140.dll
0x00007ffc75220000 - 0x00007ffc752d2000 	C:\WINDOWS\System32\ADVAPI32.dll
0x00007ffc749e0000 - 0x00007ffc74a87000 	C:\WINDOWS\System32\msvcrt.dll
0x00007ffc746a0000 - 0x00007ffc74748000 	C:\WINDOWS\System32\sechost.dll
0x00007ffc73500000 - 0x00007ffc73528000 	C:\WINDOWS\System32\bcrypt.dll
0x00007ffc73f20000 - 0x00007ffc74034000 	C:\WINDOWS\System32\RPCRT4.dll
0x00007ffc754d0000 - 0x00007ffc7567f000 	C:\WINDOWS\System32\USER32.dll
0x00007ffc73530000 - 0x00007ffc73556000 	C:\WINDOWS\System32\win32u.dll
0x00007ffc74750000 - 0x00007ffc74779000 	C:\WINDOWS\System32\GDI32.dll
0x00007ffc53a30000 - 0x00007ffc53cc3000 	C:\WINDOWS\WinSxS\amd64_microsoft.windows.common-controls_6595b64144ccf1df_6.0.22621.3672_none_2713b9d173822955\COMCTL32.dll
0x00007ffc73d60000 - 0x00007ffc73e78000 	C:\WINDOWS\System32\gdi32full.dll
0x00007ffc73e80000 - 0x00007ffc73f1a000 	C:\WINDOWS\System32\msvcp_win.dll
0x00007ffc6b830000 - 0x00007ffc6b83a000 	C:\WINDOWS\SYSTEM32\VERSION.dll
0x00007ffc751e0000 - 0x00007ffc75211000 	C:\WINDOWS\System32\IMM32.DLL
0x00007ffc46a20000 - 0x00007ffc46a2c000 	C:\Program Files\Java\jdk-17\bin\vcruntime140_1.dll
0x00007ffc0d880000 - 0x00007ffc0d90e000 	C:\Program Files\Java\jdk-17\bin\msvcp140.dll
0x00007ffbf9270000 - 0x00007ffbf9e51000 	C:\Program Files\Java\jdk-17\bin\server\jvm.dll
0x00007ffc752e0000 - 0x00007ffc752e8000 	C:\WINDOWS\System32\PSAPI.DLL
0x00007ffc66510000 - 0x00007ffc66544000 	C:\WINDOWS\SYSTEM32\WINMM.dll
0x00007ffc64e80000 - 0x00007ffc64e89000 	C:\WINDOWS\SYSTEM32\WSOCK32.dll
0x00007ffc740d0000 - 0x00007ffc74141000 	C:\WINDOWS\System32\WS2_32.dll
0x00007ffc72600000 - 0x00007ffc72618000 	C:\WINDOWS\SYSTEM32\kernel.appcore.dll
0x00007ffc45760000 - 0x00007ffc4576a000 	C:\Program Files\Java\jdk-17\bin\jimage.dll
0x00007ffc71a10000 - 0x00007ffc71c42000 	C:\WINDOWS\SYSTEM32\DBGHELP.DLL
0x00007ffc74b00000 - 0x00007ffc74e8e000 	C:\WINDOWS\System32\combase.dll
0x00007ffc748e0000 - 0x00007ffc749b7000 	C:\WINDOWS\System32\OLEAUT32.dll
0x00007ffc64520000 - 0x00007ffc64552000 	C:\WINDOWS\SYSTEM32\dbgcore.DLL
0x00007ffc73ce0000 - 0x00007ffc73d5b000 	C:\WINDOWS\System32\bcryptPrimitives.dll
0x00007ffc29a40000 - 0x00007ffc29a65000 	C:\Program Files\Java\jdk-17\bin\java.dll

dbghelp: loaded successfully - version: 4.0.5 - missing functions: none
symbol engine: initialized successfully - sym options: 0x614 - pdb path: .;C:\Program Files\Java\jdk-17\bin;C:\WINDOWS\SYSTEM32;C:\WINDOWS\WinSxS\amd64_microsoft.windows.common-controls_6595b64144ccf1df_6.0.22621.3672_none_2713b9d173822955;C:\Program Files\Java\jdk-17\bin\server

VM Arguments:
jvm_args: -Dorg.gradle.internal.worker.tmpdir=C:\Users\pjj\Desktop\25년 이직 화이팅\부트캠퍼스\1강\boardServer\boardServer\build\tmp\test\work -Xmx512m -Dfile.encoding=x-windows-949 -Duser.country=KR -Duser.language=ko -Duser.variant -ea 
java_command: worker.org.gradle.process.internal.worker.GradleWorkerMain 'Gradle Test Executor 9'
java_class_path (initial): C:\Users\pjj\.gradle\caches\8.10.2\workerMain\gradle-worker.jar;C:\Users\pjj\Desktop\25년 이직 화이팅\부트캠퍼스\1강\boardServer\boardServer\build\classes\java\test;C:\Users\pjj\Desktop\25년 이직 화이팅\부트캠퍼스\1강\boardServer\boardServer\build\classes\java\main;C:\Users\pjj\Desktop\25년 이직 화이팅\부트캠퍼스\1강\boardServer\boardServer\build\resources\main;C:\Users\pjj\.gradle\caches\modules-2\files-2.1\org.springframework.boot\spring-boot-starter-web\3.2.11\ef1a30f02a2a031b9ccd5ab7c16487ef315ee303\spring-boot-starter-web-3.2.11.jar;C:\Users\pjj\.gradle\caches\modules-2\files-2.1\org.mybatis.spring.boot\mybatis-spring-boot-starter\3.0.1\24dc6d5ea60fe36c0310681c16a25e9c7d9c45ce\mybatis-spring-boot-starter-3.0.1.jar;C:\Users\pjj\.gradle\caches\modules-2\files-2.1\com.mysql\mysql-connector-j\8.3.0\1cc7fa5d61f4bbc113531a4ba6d85d41cf3d57e1\mysql-connector-j-8.3.0.jar;C:\Users\pjj\.gradle\caches\modules-2\files-2.1\org.springframework.boot\spring-boot-starter-test\3.2.11\abe7c8772a2155ea27b058be1ae64772be222efa\spring-boot-starter-test-3.2.11.jar;C:\Users\pjj\.gradle\caches\modules-2\files-2.1\org.junit.jupiter\junit-jupiter\5.10.5\cbf98926c44240c9ca1519a20e58722be6d6a44a\junit-jupiter-5.10.5.jar;C:\Users\pjj\.gradle\caches\modules-2\files-2.1\org.junit.jupiter\junit-jupiter-engine\5.10.5\e234785788419ffdfc4b65474b2081c0a9f7e77d\junit-jupiter-engine-5.10.5.jar;C:\Users\pjj\.gradle\caches\modules-2\files-2.1\org.junit.platform\junit-platform-engine\1.10.5\7db4b98a955a2686d893a8a209591f029c438b44\junit-platform-engine-1.10.5.jar;C:\Users\pjj\.gradle\caches\modules-2\files-2.1\org.mockito\mockito-junit-jupiter\5.7.0\ac2d6a3431747a7986b8f4abef465f72bf3a21ae\mockito-junit-jupiter-5.7.0.jar;C:\Users\pjj\.gradle\caches\modules-2\files-2.1\org.junit.jupiter\junit-jupiter-params\5.10.5\e19d95e190aedb81c883d50cc05b1860400d957c\junit-jupiter-params-5.10.5.jar;C:\Users\pjj\.gradle\caches\modules-2\files-2.1\org.junit.jupiter\junit-jupiter-api\5.10.5\
Launcher Type: SUN_STANDARD

[Global flags]
     intx CICompilerCount                          = 4                                         {product} {ergonomic}
     uint ConcGCThreads                            = 2                                         {product} {ergonomic}
     uint G1ConcRefinementThreads                  = 8                                         {product} {ergonomic}
   size_t G1HeapRegionSize                         = 1048576                                   {product} {ergonomic}
    uintx GCDrainStackTargetSize                   = 64                                        {product} {ergonomic}
   size_t InitialHeapSize                          = 264241152                                 {product} {ergonomic}
   size_t MarkStackSize                            = 4194304                                   {product} {ergonomic}
   size_t MaxHeapSize                              = 536870912                                 {product} {command line}
   size_t MinHeapDeltaBytes                        = 1048576                                   {product} {ergonomic}
   size_t MinHeapSize                              = 8388608                                   {product} {ergonomic}
    uintx NonNMethodCodeHeapSize                   = 5839372                                {pd product} {ergonomic}
    uintx NonProfiledCodeHeapSize                  = 122909434                              {pd product} {ergonomic}
    uintx ProfiledCodeHeapSize                     = 122909434                              {pd product} {ergonomic}
    uintx ReservedCodeCacheSize                    = 251658240                              {pd product} {ergonomic}
     bool SegmentedCodeCache                       = true                                      {product} {ergonomic}
   size_t SoftMaxHeapSize                          = 536870912                              {manageable} {ergonomic}
     bool UseCompressedClassPointers               = true                           {product lp64_product} {ergonomic}
     bool UseCompressedOops                        = true                           {product lp64_product} {ergonomic}
     bool UseG1GC                                  = true                                      {product} {ergonomic}
     bool UseLargePagesIndividualAllocation        = false                                  {pd product} {ergonomic}

Logging:
Log output configuration:
 #0: stdout all=warning uptime,level,tags
 #1: stderr all=off uptime,level,tags

Environment Variables:
JAVA_HOME=C:\Program Files\Java\jdk-17
PATH=C:\Program Files\Common Files\Oracle\Java\javapath;C:\WINDOWS\system32;C:\WINDOWS;C:\WINDOWS\System32\Wbem;C:\WINDOWS\System32\WindowsPowerShell\v1.0\;C:\WINDOWS\System32\OpenSSH\;C:\Program Files (x86)\NVIDIA Corporation\PhysX\Common;C:\Program Files\NVIDIA Corporation\NVIDIA NvDLISR;C:\Program Files\Bandizip\;C:\Program Files\dotnet\;C:\Program Files\Git\cmd;C:\WINDOWS\system32;C:\WINDOWS;C:\WINDOWS\System32\Wbem;C:\WINDOWS\System32\WindowsPowerShell\v1.0\;C:\WINDOWS\System32\OpenSSH\;C:\Program Files\Docker\Docker\resources\bin;"C:\Program Files\Java\jdk-17\bin;";C:\Program Files\PuTTY\;C:\Users\pjj\AppData\Local\Microsoft\WindowsApps;C:\Program Files\JetBrains\IntelliJ IDEA Community Edition 2022.3.1\bin;;C:\Users\pjj\AppData\Local\GitHubDesktop\bin;
USERNAME=pjj
OS=Windows_NT
PROCESSOR_IDENTIFIER=Intel64 Family 6 Model 140 Stepping 1, GenuineIntel



---------------  S Y S T E M  ---------------

OS:
 Windows 11 , 64 bit Build 22621 (10.0.22621.3958)
OS uptime: 2 days 1:31 hours
Hyper-V role detected

CPU: total 8 (initial active 8) (4 cores per cpu, 2 threads per core) family 6 model 140 stepping 1 microcode 0x86, cx8, cmov, fxsr, ht, mmx, 3dnowpref, sse, sse2, sse3, ssse3, sse4.1, sse4.2, popcnt, lzcnt, tsc, tscinvbit, avx, avx2, aes, erms, clmul, bmi1, bmi2, adx, avx512f, avx512dq, avx512cd, avx512bw, avx512vl, sha, fma, vzeroupper, avx512_vpopcntdq, avx512_vpclmulqdq, avx512_vaes, avx512_vnni, clflush, clflushopt, clwb, avx512_vbmi2, avx512_vbmi, hv

Memory: 4k page, system-wide physical 16075M (727M free)
TotalPageFile size 65171M (AvailPageFile size 172M)
current process WorkingSet (physical memory assigned to process): 11M, peak: 11M
current process commit charge ("private bytes"): 59M, peak: 311M

vm_info: Java HotSpot(TM) 64-Bit Server VM (17.0.9+11-LTS-201) for windows-amd64 JRE (17.0.9+11-LTS-201), built on Oct 10 2023 23:16:06 by "mach5one" with MS VC++ 17.1 (VS2022)

END.
