#
# There is insufficient memory for the Java Runtime Environment to continue.
# Native memory allocation (malloc) failed to allocate 1064656 bytes for Chunk::new
# Possible reasons:
#   The system is out of physical RAM or swap space
#   The process is running with CompressedOops enabled, and the Java Heap may be blocking the growth of the native heap
# Possible solutions:
#   Reduce memory load on the system
#   Increase physical memory or swap space
#   Check if swap backing store is full
#   Decrease Java heap size (-Xmx/-Xms)
#   Decrease number of Java threads
#   Decrease Java thread stack sizes (-Xss)
#   Set larger code cache with -XX:ReservedCodeCacheSize=
#   JVM is running with Unscaled Compressed Oops mode in which the Java heap is
#     placed in the first 4GB address space. The Java Heap base address is the
#     maximum limit for the native heap growth. Please use -XX:HeapBaseMinAddress
#     to set the Java Heap base and to place the Java Heap above 4GB virtual address.
# This output file may be truncated or incomplete.
#
#  Out of Memory Error (arena.cpp:189), pid=32564, tid=8000
#
# JRE version: Java(TM) SE Runtime Environment (17.0.9+11) (build 17.0.9+11-LTS-201)
# Java VM: Java HotSpot(TM) 64-Bit Server VM (17.0.9+11-LTS-201, mixed mode, sharing, tiered, compressed oops, compressed class ptrs, g1 gc, windows-amd64)
# No core dump will be written. Minidumps are not enabled by default on client versions of Windows
#

---------------  S U M M A R Y ------------

Command Line: -Dorg.gradle.internal.worker.tmpdir=C:\Users\pjj\Desktop\25년 이직 화이팅\부트캠퍼스\1강\boardServer\boardServer\build\tmp\test\work -Xmx512m -Dfile.encoding=x-windows-949 -Duser.country=KR -Duser.language=ko -Duser.variant -ea worker.org.gradle.process.internal.worker.GradleWorkerMain 'Gradle Test Executor 10'

Host: 11th Gen Intel(R) Core(TM) i5-11300H @ 3.10GHz, 8 cores, 15G,  Windows 11 , 64 bit Build 22621 (10.0.22621.3958)
Time: Mon Nov  4 18:13:57 2024  Windows 11 , 64 bit Build 22621 (10.0.22621.3958) elapsed time: 1.501883 seconds (0d 0h 0m 1s)

---------------  T H R E A D  ---------------

Current thread (0x00000196f6c59cc0):  JavaThread "C2 CompilerThread0" daemon [_thread_in_native, id=8000, stack(0x0000006e9fb00000,0x0000006e9fc00000)]


Current CompileTask:
C2:   1502 1755       4       jdk.internal.org.objectweb.asm.Frame::execute (2305 bytes)

Stack: [0x0000006e9fb00000,0x0000006e9fc00000]
Native frames: (J=compiled Java code, j=interpreted, Vv=VM code, C=native code)
V  [jvm.dll+0x678a4a]
V  [jvm.dll+0x7d9cfd]
V  [jvm.dll+0x7db60e]
V  [jvm.dll+0x7dbc73]
V  [jvm.dll+0x245e1f]
V  [jvm.dll+0xaaafb]
V  [jvm.dll+0xab09c]
V  [jvm.dll+0x2ab7ef]
V  [jvm.dll+0x5812e5]
V  [jvm.dll+0x220c52]
V  [jvm.dll+0x22102f]
V  [jvm.dll+0x219f86]
V  [jvm.dll+0x217459]
V  [jvm.dll+0x1a3bc0]
V  [jvm.dll+0x2272de]
V  [jvm.dll+0x22548b]
V  [jvm.dll+0x78f58c]
V  [jvm.dll+0x78998a]
V  [jvm.dll+0x677875]
C  [ucrtbase.dll+0x29333]
C  [KERNEL32.DLL+0x1257d]
C  [ntdll.dll+0x5af08]


---------------  P R O C E S S  ---------------

Threads class SMR info:
_java_thread_list=0x00000196fb9388b0, length=16, elements={
0x00000196da2be910, 0x00000196f6c3aac0, 0x00000196f6c3b480, 0x00000196f6c51d30,
0x00000196f6c52600, 0x00000196f6c54ee0, 0x00000196f6c557b0, 0x00000196f6c59cc0,
0x00000196f6c6c030, 0x00000196f6c5b9d0, 0x00000196fb0f2210, 0x00000196fb0f53b0,
0x00000196fb8a6620, 0x00000196fb3fe910, 0x00000196fb9bbfc0, 0x00000196fb9bc4a0
}

Java Threads: ( => current thread )
  0x00000196da2be910 JavaThread "Test worker" [_thread_in_Java, id=22036, stack(0x0000006e9ee00000,0x0000006e9ef00000)]
  0x00000196f6c3aac0 JavaThread "Reference Handler" daemon [_thread_blocked, id=33252, stack(0x0000006e9f500000,0x0000006e9f600000)]
  0x00000196f6c3b480 JavaThread "Finalizer" daemon [_thread_blocked, id=33096, stack(0x0000006e9f600000,0x0000006e9f700000)]
  0x00000196f6c51d30 JavaThread "Signal Dispatcher" daemon [_thread_blocked, id=23312, stack(0x0000006e9f700000,0x0000006e9f800000)]
  0x00000196f6c52600 JavaThread "Attach Listener" daemon [_thread_blocked, id=22004, stack(0x0000006e9f800000,0x0000006e9f900000)]
  0x00000196f6c54ee0 JavaThread "Service Thread" daemon [_thread_blocked, id=7328, stack(0x0000006e9f900000,0x0000006e9fa00000)]
  0x00000196f6c557b0 JavaThread "Monitor Deflation Thread" daemon [_thread_blocked, id=28892, stack(0x0000006e9fa00000,0x0000006e9fb00000)]
=>0x00000196f6c59cc0 JavaThread "C2 CompilerThread0" daemon [_thread_in_native, id=8000, stack(0x0000006e9fb00000,0x0000006e9fc00000)]
  0x00000196f6c6c030 JavaThread "C1 CompilerThread0" daemon [_thread_in_native, id=13412, stack(0x0000006e9fc00000,0x0000006e9fd00000)]
  0x00000196f6c5b9d0 JavaThread "Sweeper thread" daemon [_thread_blocked, id=32936, stack(0x0000006e9fd00000,0x0000006e9fe00000)]
  0x00000196fb0f2210 JavaThread "Notification Thread" daemon [_thread_blocked, id=21444, stack(0x0000006e9fe00000,0x0000006e9ff00000)]
  0x00000196fb0f53b0 JavaThread "Common-Cleaner" daemon [_thread_blocked, id=25624, stack(0x0000006ea0000000,0x0000006ea0100000)]
  0x00000196fb8a6620 JavaThread "/127.0.0.1:61145 to /127.0.0.1:61143 workers" [_thread_blocked, id=31228, stack(0x0000006ea0300000,0x0000006ea0400000)]
  0x00000196fb3fe910 JavaThread "C2 CompilerThread1" daemon [_thread_in_native, id=31432, stack(0x0000006ea0100000,0x0000006ea0200000)]
  0x00000196fb9bbfc0 JavaThread "/127.0.0.1:61145 to /127.0.0.1:61143 workers Thread 2" [_thread_blocked, id=27500, stack(0x0000006ea0400000,0x0000006ea0500000)]
  0x00000196fb9bc4a0 JavaThread "/127.0.0.1:61145 to /127.0.0.1:61143 workers Thread 3" [_thread_in_native, id=27552, stack(0x0000006ea0500000,0x0000006ea0600000)]

Other Threads:
  0x00000196f6c35110 VMThread "VM Thread" [stack: 0x0000006e9f400000,0x0000006e9f500000] [id=30432]
  0x00000196fb0f4700 WatcherThread [stack: 0x0000006e9ff00000,0x0000006ea0000000] [id=14488]
  0x00000196da40ed40 GCTaskThread "GC Thread#0" [stack: 0x0000006e9ef00000,0x0000006e9f000000] [id=31016]
  0x00000196fbb1ed60 GCTaskThread "GC Thread#1" [stack: 0x0000006ea0600000,0x0000006ea0700000] [id=1312]
  0x00000196fb11adb0 GCTaskThread "GC Thread#2" [stack: 0x0000006ea0700000,0x0000006ea0800000] [id=2252]
  0x00000196fbb04870 GCTaskThread "GC Thread#3" [stack: 0x0000006ea0800000,0x0000006ea0900000] [id=3388]
  0x00000196fbdb6560 GCTaskThread "GC Thread#4" [stack: 0x0000006ea0900000,0x0000006ea0a00000] [id=31436]
  0x00000196fbdb6820 GCTaskThread "GC Thread#5" [stack: 0x0000006ea0a00000,0x0000006ea0b00000] [id=20584]
  0x00000196fbb20060 GCTaskThread "GC Thread#6" [stack: 0x0000006ea0b00000,0x0000006ea0c00000] [id=20188]
  0x00000196fbc7f3d0 GCTaskThread "GC Thread#7" [stack: 0x0000006ea0c00000,0x0000006ea0d00000] [id=14084]
  0x00000196da411b70 ConcurrentGCThread "G1 Main Marker" [stack: 0x0000006e9f000000,0x0000006e9f100000] [id=12096]
  0x00000196da413c30 ConcurrentGCThread "G1 Conc#0" [stack: 0x0000006e9f100000,0x0000006e9f200000] [id=25344]
  0x00000196da48e390 ConcurrentGCThread "G1 Refine#0" [stack: 0x0000006e9f200000,0x0000006e9f300000] [id=324]
  0x00000196fbba8e80 ConcurrentGCThread "G1 Refine#1" [stack: 0x0000006ea0d00000,0x0000006ea0e00000] [id=13032]
  0x00000196fbed20a0 ConcurrentGCThread "G1 Refine#2" [stack: 0x0000006ea0e00000,0x0000006ea0f00000] [id=16704]
  0x00000196f6af4150 ConcurrentGCThread "G1 Service" [stack: 0x0000006e9f300000,0x0000006e9f400000] [id=25956]

Threads with active compile tasks:
C2 CompilerThread0     1534 1755       4       jdk.internal.org.objectweb.asm.Frame::execute (2305 bytes)
C1 CompilerThread0     1534 1897       3       org.springframework.core.annotation.AnnotationsScanner::getDeclaredAnnotations (166 bytes)
C2 CompilerThread1     1534 1819       4       java.lang.invoke.MethodType::makeImpl (109 bytes)

VM state: not at safepoint (normal execution)

VM Mutex/Monitor currently owned by a thread: None

Heap address: 0x00000000e0000000, size: 512 MB, Compressed Oops mode: 32-bit

CDS archive(s) mapped at: [0x0000019680000000-0x0000019680bd0000-0x0000019680bd0000), size 12386304, SharedBaseAddress: 0x0000019680000000, ArchiveRelocationMode: 1.
Compressed class space mapped at: 0x0000019681000000-0x00000196c1000000, reserved size: 1073741824
Narrow klass base: 0x0000019680000000, Narrow klass shift: 0, Narrow klass range: 0x100000000

GC Precious Log:
 CPUs: 8 total, 8 available
 Memory: 16075M
 Large Page Support: Disabled
 NUMA Support: Disabled
 Compressed Oops: Enabled (32-bit)
 Heap Region Size: 1M
 Heap Min Capacity: 8M
 Heap Initial Capacity: 252M
 Heap Max Capacity: 512M
 Pre-touch: Disabled
 Parallel Workers: 8
 Concurrent Workers: 2
 Concurrent Refinement Workers: 8
 Periodic GC: Disabled

Heap:
 garbage-first heap   total 258048K, used 16864K [0x00000000e0000000, 0x0000000100000000)
  region size 1024K, 11 young (11264K), 2 survivors (2048K)
 Metaspace       used 11883K, committed 12160K, reserved 1114112K
  class space    used 1579K, committed 1728K, reserved 1048576K

Heap Regions: E=young(eden), S=young(survivor), O=old, HS=humongous(starts), HC=humongous(continues), CS=collection set, F=free, OA=open archive, CA=closed archive, TAMS=top-at-mark-start (previous, next)
|   0|0x00000000e0000000, 0x00000000e0100000, 0x00000000e0100000|100%| O|  |TAMS 0x00000000e0000000, 0x00000000e0000000| Untracked 
|   1|0x00000000e0100000, 0x00000000e0200000, 0x00000000e0200000|100%| O|  |TAMS 0x00000000e0100000, 0x00000000e0100000| Untracked 
|   2|0x00000000e0200000, 0x00000000e0300000, 0x00000000e0300000|100%| O|  |TAMS 0x00000000e0200000, 0x00000000e0200000| Untracked 
|   3|0x00000000e0300000, 0x00000000e0400000, 0x00000000e0400000|100%| O|  |TAMS 0x00000000e0300000, 0x00000000e0300000| Untracked 
|   4|0x00000000e0400000, 0x00000000e0500000, 0x00000000e0500000|100%| O|  |TAMS 0x00000000e0400000, 0x00000000e0400000| Untracked 
|   5|0x00000000e0500000, 0x00000000e0600000, 0x00000000e0600000|100%| O|  |TAMS 0x00000000e0500000, 0x00000000e0500000| Untracked 
|   6|0x00000000e0600000, 0x00000000e0700000, 0x00000000e0700000|100%| O|  |TAMS 0x00000000e0600000, 0x00000000e0600000| Untracked 
|   7|0x00000000e0700000, 0x00000000e0717800, 0x00000000e0800000|  9%| O|  |TAMS 0x00000000e0700000, 0x00000000e0700000| Untracked 
|   8|0x00000000e0800000, 0x00000000e0800000, 0x00000000e0900000|  0%| F|  |TAMS 0x00000000e0800000, 0x00000000e0800000| Untracked 
|   9|0x00000000e0900000, 0x00000000e0900000, 0x00000000e0a00000|  0%| F|  |TAMS 0x00000000e0900000, 0x00000000e0900000| Untracked 
|  10|0x00000000e0a00000, 0x00000000e0a00000, 0x00000000e0b00000|  0%| F|  |TAMS 0x00000000e0a00000, 0x00000000e0a00000| Untracked 
|  11|0x00000000e0b00000, 0x00000000e0b00000, 0x00000000e0c00000|  0%| F|  |TAMS 0x00000000e0b00000, 0x00000000e0b00000| Untracked 
|  12|0x00000000e0c00000, 0x00000000e0c00000, 0x00000000e0d00000|  0%| F|  |TAMS 0x00000000e0c00000, 0x00000000e0c00000| Untracked 
|  13|0x00000000e0d00000, 0x00000000e0d00000, 0x00000000e0e00000|  0%| F|  |TAMS 0x00000000e0d00000, 0x00000000e0d00000| Untracked 
|  14|0x00000000e0e00000, 0x00000000e0e00000, 0x00000000e0f00000|  0%| F|  |TAMS 0x00000000e0e00000, 0x00000000e0e00000| Untracked 
|  15|0x00000000e0f00000, 0x00000000e0f00000, 0x00000000e1000000|  0%| F|  |TAMS 0x00000000e0f00000, 0x00000000e0f00000| Untracked 
|  16|0x00000000e1000000, 0x00000000e1000000, 0x00000000e1100000|  0%| F|  |TAMS 0x00000000e1000000, 0x00000000e1000000| Untracked 
|  17|0x00000000e1100000, 0x00000000e1100000, 0x00000000e1200000|  0%| F|  |TAMS 0x00000000e1100000, 0x00000000e1100000| Untracked 
|  18|0x00000000e1200000, 0x00000000e1200000, 0x00000000e1300000|  0%| F|  |TAMS 0x00000000e1200000, 0x00000000e1200000| Untracked 
|  19|0x00000000e1300000, 0x00000000e1300000, 0x00000000e1400000|  0%| F|  |TAMS 0x00000000e1300000, 0x00000000e1300000| Untracked 
|  20|0x00000000e1400000, 0x00000000e1400000, 0x00000000e1500000|  0%| F|  |TAMS 0x00000000e1400000, 0x00000000e1400000| Untracked 
|  21|0x00000000e1500000, 0x00000000e1500000, 0x00000000e1600000|  0%| F|  |TAMS 0x00000000e1500000, 0x00000000e1500000| Untracked 
|  22|0x00000000e1600000, 0x00000000e1600000, 0x00000000e1700000|  0%| F|  |TAMS 0x00000000e1600000, 0x00000000e1600000| Untracked 
|  23|0x00000000e1700000, 0x00000000e1700000, 0x00000000e1800000|  0%| F|  |TAMS 0x00000000e1700000, 0x00000000e1700000| Untracked 
|  24|0x00000000e1800000, 0x00000000e1800000, 0x00000000e1900000|  0%| F|  |TAMS 0x00000000e1800000, 0x00000000e1800000| Untracked 
|  25|0x00000000e1900000, 0x00000000e1900000, 0x00000000e1a00000|  0%| F|  |TAMS 0x00000000e1900000, 0x00000000e1900000| Untracked 
|  26|0x00000000e1a00000, 0x00000000e1a00000, 0x00000000e1b00000|  0%| F|  |TAMS 0x00000000e1a00000, 0x00000000e1a00000| Untracked 
|  27|0x00000000e1b00000, 0x00000000e1b00000, 0x00000000e1c00000|  0%| F|  |TAMS 0x00000000e1b00000, 0x00000000e1b00000| Untracked 
|  28|0x00000000e1c00000, 0x00000000e1c00000, 0x00000000e1d00000|  0%| F|  |TAMS 0x00000000e1c00000, 0x00000000e1c00000| Untracked 
|  29|0x00000000e1d00000, 0x00000000e1d00000, 0x00000000e1e00000|  0%| F|  |TAMS 0x00000000e1d00000, 0x00000000e1d00000| Untracked 
|  30|0x00000000e1e00000, 0x00000000e1e00000, 0x00000000e1f00000|  0%| F|  |TAMS 0x00000000e1e00000, 0x00000000e1e00000| Untracked 
|  31|0x00000000e1f00000, 0x00000000e1f00000, 0x00000000e2000000|  0%| F|  |TAMS 0x00000000e1f00000, 0x00000000e1f00000| Untracked 
|  32|0x00000000e2000000, 0x00000000e2000000, 0x00000000e2100000|  0%| F|  |TAMS 0x00000000e2000000, 0x00000000e2000000| Untracked 
|  33|0x00000000e2100000, 0x00000000e2100000, 0x00000000e2200000|  0%| F|  |TAMS 0x00000000e2100000, 0x00000000e2100000| Untracked 
|  34|0x00000000e2200000, 0x00000000e2200000, 0x00000000e2300000|  0%| F|  |TAMS 0x00000000e2200000, 0x00000000e2200000| Untracked 
|  35|0x00000000e2300000, 0x00000000e2300000, 0x00000000e2400000|  0%| F|  |TAMS 0x00000000e2300000, 0x00000000e2300000| Untracked 
|  36|0x00000000e2400000, 0x00000000e2400000, 0x00000000e2500000|  0%| F|  |TAMS 0x00000000e2400000, 0x00000000e2400000| Untracked 
|  37|0x00000000e2500000, 0x00000000e2500000, 0x00000000e2600000|  0%| F|  |TAMS 0x00000000e2500000, 0x00000000e2500000| Untracked 
|  38|0x00000000e2600000, 0x00000000e2600000, 0x00000000e2700000|  0%| F|  |TAMS 0x00000000e2600000, 0x00000000e2600000| Untracked 
|  39|0x00000000e2700000, 0x00000000e2700000, 0x00000000e2800000|  0%| F|  |TAMS 0x00000000e2700000, 0x00000000e2700000| Untracked 
|  40|0x00000000e2800000, 0x00000000e2800000, 0x00000000e2900000|  0%| F|  |TAMS 0x00000000e2800000, 0x00000000e2800000| Untracked 
|  41|0x00000000e2900000, 0x00000000e2900000, 0x00000000e2a00000|  0%| F|  |TAMS 0x00000000e2900000, 0x00000000e2900000| Untracked 
|  42|0x00000000e2a00000, 0x00000000e2a00000, 0x00000000e2b00000|  0%| F|  |TAMS 0x00000000e2a00000, 0x00000000e2a00000| Untracked 
|  43|0x00000000e2b00000, 0x00000000e2b00000, 0x00000000e2c00000|  0%| F|  |TAMS 0x00000000e2b00000, 0x00000000e2b00000| Untracked 
|  44|0x00000000e2c00000, 0x00000000e2c00000, 0x00000000e2d00000|  0%| F|  |TAMS 0x00000000e2c00000, 0x00000000e2c00000| Untracked 
|  45|0x00000000e2d00000, 0x00000000e2d00000, 0x00000000e2e00000|  0%| F|  |TAMS 0x00000000e2d00000, 0x00000000e2d00000| Untracked 
|  46|0x00000000e2e00000, 0x00000000e2e00000, 0x00000000e2f00000|  0%| F|  |TAMS 0x00000000e2e00000, 0x00000000e2e00000| Untracked 
|  47|0x00000000e2f00000, 0x00000000e2f00000, 0x00000000e3000000|  0%| F|  |TAMS 0x00000000e2f00000, 0x00000000e2f00000| Untracked 
|  48|0x00000000e3000000, 0x00000000e3000000, 0x00000000e3100000|  0%| F|  |TAMS 0x00000000e3000000, 0x00000000e3000000| Untracked 
|  49|0x00000000e3100000, 0x00000000e3100000, 0x00000000e3200000|  0%| F|  |TAMS 0x00000000e3100000, 0x00000000e3100000| Untracked 
|  50|0x00000000e3200000, 0x00000000e3200000, 0x00000000e3300000|  0%| F|  |TAMS 0x00000000e3200000, 0x00000000e3200000| Untracked 
|  51|0x00000000e3300000, 0x00000000e3300000, 0x00000000e3400000|  0%| F|  |TAMS 0x00000000e3300000, 0x00000000e3300000| Untracked 
|  52|0x00000000e3400000, 0x00000000e3400000, 0x00000000e3500000|  0%| F|  |TAMS 0x00000000e3400000, 0x00000000e3400000| Untracked 
|  53|0x00000000e3500000, 0x00000000e3500000, 0x00000000e3600000|  0%| F|  |TAMS 0x00000000e3500000, 0x00000000e3500000| Untracked 
|  54|0x00000000e3600000, 0x00000000e3600000, 0x00000000e3700000|  0%| F|  |TAMS 0x00000000e3600000, 0x00000000e3600000| Untracked 
|  55|0x00000000e3700000, 0x00000000e3700000, 0x00000000e3800000|  0%| F|  |TAMS 0x00000000e3700000, 0x00000000e3700000| Untracked 
|  56|0x00000000e3800000, 0x00000000e3800000, 0x00000000e3900000|  0%| F|  |TAMS 0x00000000e3800000, 0x00000000e3800000| Untracked 
|  57|0x00000000e3900000, 0x00000000e3900000, 0x00000000e3a00000|  0%| F|  |TAMS 0x00000000e3900000, 0x00000000e3900000| Untracked 
|  58|0x00000000e3a00000, 0x00000000e3a00000, 0x00000000e3b00000|  0%| F|  |TAMS 0x00000000e3a00000, 0x00000000e3a00000| Untracked 
|  59|0x00000000e3b00000, 0x00000000e3b00000, 0x00000000e3c00000|  0%| F|  |TAMS 0x00000000e3b00000, 0x00000000e3b00000| Untracked 
|  60|0x00000000e3c00000, 0x00000000e3c00000, 0x00000000e3d00000|  0%| F|  |TAMS 0x00000000e3c00000, 0x00000000e3c00000| Untracked 
|  61|0x00000000e3d00000, 0x00000000e3d00000, 0x00000000e3e00000|  0%| F|  |TAMS 0x00000000e3d00000, 0x00000000e3d00000| Untracked 
|  62|0x00000000e3e00000, 0x00000000e3e00000, 0x00000000e3f00000|  0%| F|  |TAMS 0x00000000e3e00000, 0x00000000e3e00000| Untracked 
|  63|0x00000000e3f00000, 0x00000000e3f00000, 0x00000000e4000000|  0%| F|  |TAMS 0x00000000e3f00000, 0x00000000e3f00000| Untracked 
|  64|0x00000000e4000000, 0x00000000e4000000, 0x00000000e4100000|  0%| F|  |TAMS 0x00000000e4000000, 0x00000000e4000000| Untracked 
|  65|0x00000000e4100000, 0x00000000e4100000, 0x00000000e4200000|  0%| F|  |TAMS 0x00000000e4100000, 0x00000000e4100000| Untracked 
|  66|0x00000000e4200000, 0x00000000e4200000, 0x00000000e4300000|  0%| F|  |TAMS 0x00000000e4200000, 0x00000000e4200000| Untracked 
|  67|0x00000000e4300000, 0x00000000e4300000, 0x00000000e4400000|  0%| F|  |TAMS 0x00000000e4300000, 0x00000000e4300000| Untracked 
|  68|0x00000000e4400000, 0x00000000e4400000, 0x00000000e4500000|  0%| F|  |TAMS 0x00000000e4400000, 0x00000000e4400000| Untracked 
|  69|0x00000000e4500000, 0x00000000e4500000, 0x00000000e4600000|  0%| F|  |TAMS 0x00000000e4500000, 0x00000000e4500000| Untracked 
|  70|0x00000000e4600000, 0x00000000e4600000, 0x00000000e4700000|  0%| F|  |TAMS 0x00000000e4600000, 0x00000000e4600000| Untracked 
|  71|0x00000000e4700000, 0x00000000e4700000, 0x00000000e4800000|  0%| F|  |TAMS 0x00000000e4700000, 0x00000000e4700000| Untracked 
|  72|0x00000000e4800000, 0x00000000e4800000, 0x00000000e4900000|  0%| F|  |TAMS 0x00000000e4800000, 0x00000000e4800000| Untracked 
|  73|0x00000000e4900000, 0x00000000e4900000, 0x00000000e4a00000|  0%| F|  |TAMS 0x00000000e4900000, 0x00000000e4900000| Untracked 
|  74|0x00000000e4a00000, 0x00000000e4a00000, 0x00000000e4b00000|  0%| F|  |TAMS 0x00000000e4a00000, 0x00000000e4a00000| Untracked 
|  75|0x00000000e4b00000, 0x00000000e4b00000, 0x00000000e4c00000|  0%| F|  |TAMS 0x00000000e4b00000, 0x00000000e4b00000| Untracked 
|  76|0x00000000e4c00000, 0x00000000e4c00000, 0x00000000e4d00000|  0%| F|  |TAMS 0x00000000e4c00000, 0x00000000e4c00000| Untracked 
|  77|0x00000000e4d00000, 0x00000000e4d00000, 0x00000000e4e00000|  0%| F|  |TAMS 0x00000000e4d00000, 0x00000000e4d00000| Untracked 
|  78|0x00000000e4e00000, 0x00000000e4e00000, 0x00000000e4f00000|  0%| F|  |TAMS 0x00000000e4e00000, 0x00000000e4e00000| Untracked 
|  79|0x00000000e4f00000, 0x00000000e4f00000, 0x00000000e5000000|  0%| F|  |TAMS 0x00000000e4f00000, 0x00000000e4f00000| Untracked 
|  80|0x00000000e5000000, 0x00000000e5000000, 0x00000000e5100000|  0%| F|  |TAMS 0x00000000e5000000, 0x00000000e5000000| Untracked 
|  81|0x00000000e5100000, 0x00000000e5100000, 0x00000000e5200000|  0%| F|  |TAMS 0x00000000e5100000, 0x00000000e5100000| Untracked 
|  82|0x00000000e5200000, 0x00000000e5200000, 0x00000000e5300000|  0%| F|  |TAMS 0x00000000e5200000, 0x00000000e5200000| Untracked 
|  83|0x00000000e5300000, 0x00000000e5300000, 0x00000000e5400000|  0%| F|  |TAMS 0x00000000e5300000, 0x00000000e5300000| Untracked 
|  84|0x00000000e5400000, 0x00000000e5400000, 0x00000000e5500000|  0%| F|  |TAMS 0x00000000e5400000, 0x00000000e5400000| Untracked 
|  85|0x00000000e5500000, 0x00000000e5500000, 0x00000000e5600000|  0%| F|  |TAMS 0x00000000e5500000, 0x00000000e5500000| Untracked 
|  86|0x00000000e5600000, 0x00000000e5600000, 0x00000000e5700000|  0%| F|  |TAMS 0x00000000e5600000, 0x00000000e5600000| Untracked 
|  87|0x00000000e5700000, 0x00000000e5700000, 0x00000000e5800000|  0%| F|  |TAMS 0x00000000e5700000, 0x00000000e5700000| Untracked 
|  88|0x00000000e5800000, 0x00000000e5800000, 0x00000000e5900000|  0%| F|  |TAMS 0x00000000e5800000, 0x00000000e5800000| Untracked 
|  89|0x00000000e5900000, 0x00000000e5900000, 0x00000000e5a00000|  0%| F|  |TAMS 0x00000000e5900000, 0x00000000e5900000| Untracked 
|  90|0x00000000e5a00000, 0x00000000e5a00000, 0x00000000e5b00000|  0%| F|  |TAMS 0x00000000e5a00000, 0x00000000e5a00000| Untracked 
|  91|0x00000000e5b00000, 0x00000000e5b00000, 0x00000000e5c00000|  0%| F|  |TAMS 0x00000000e5b00000, 0x00000000e5b00000| Untracked 
|  92|0x00000000e5c00000, 0x00000000e5c00000, 0x00000000e5d00000|  0%| F|  |TAMS 0x00000000e5c00000, 0x00000000e5c00000| Untracked 
|  93|0x00000000e5d00000, 0x00000000e5d00000, 0x00000000e5e00000|  0%| F|  |TAMS 0x00000000e5d00000, 0x00000000e5d00000| Untracked 
|  94|0x00000000e5e00000, 0x00000000e5e00000, 0x00000000e5f00000|  0%| F|  |TAMS 0x00000000e5e00000, 0x00000000e5e00000| Untracked 
|  95|0x00000000e5f00000, 0x00000000e5f00000, 0x00000000e6000000|  0%| F|  |TAMS 0x00000000e5f00000, 0x00000000e5f00000| Untracked 
|  96|0x00000000e6000000, 0x00000000e6000000, 0x00000000e6100000|  0%| F|  |TAMS 0x00000000e6000000, 0x00000000e6000000| Untracked 
|  97|0x00000000e6100000, 0x00000000e6100000, 0x00000000e6200000|  0%| F|  |TAMS 0x00000000e6100000, 0x00000000e6100000| Untracked 
|  98|0x00000000e6200000, 0x00000000e6200000, 0x00000000e6300000|  0%| F|  |TAMS 0x00000000e6200000, 0x00000000e6200000| Untracked 
|  99|0x00000000e6300000, 0x00000000e6300000, 0x00000000e6400000|  0%| F|  |TAMS 0x00000000e6300000, 0x00000000e6300000| Untracked 
| 100|0x00000000e6400000, 0x00000000e6400000, 0x00000000e6500000|  0%| F|  |TAMS 0x00000000e6400000, 0x00000000e6400000| Untracked 
| 101|0x00000000e6500000, 0x00000000e6500000, 0x00000000e6600000|  0%| F|  |TAMS 0x00000000e6500000, 0x00000000e6500000| Untracked 
| 102|0x00000000e6600000, 0x00000000e6600000, 0x00000000e6700000|  0%| F|  |TAMS 0x00000000e6600000, 0x00000000e6600000| Untracked 
| 103|0x00000000e6700000, 0x00000000e6700000, 0x00000000e6800000|  0%| F|  |TAMS 0x00000000e6700000, 0x00000000e6700000| Untracked 
| 104|0x00000000e6800000, 0x00000000e6800000, 0x00000000e6900000|  0%| F|  |TAMS 0x00000000e6800000, 0x00000000e6800000| Untracked 
| 105|0x00000000e6900000, 0x00000000e6900000, 0x00000000e6a00000|  0%| F|  |TAMS 0x00000000e6900000, 0x00000000e6900000| Untracked 
| 106|0x00000000e6a00000, 0x00000000e6a00000, 0x00000000e6b00000|  0%| F|  |TAMS 0x00000000e6a00000, 0x00000000e6a00000| Untracked 
| 107|0x00000000e6b00000, 0x00000000e6b00000, 0x00000000e6c00000|  0%| F|  |TAMS 0x00000000e6b00000, 0x00000000e6b00000| Untracked 
| 108|0x00000000e6c00000, 0x00000000e6c00000, 0x00000000e6d00000|  0%| F|  |TAMS 0x00000000e6c00000, 0x00000000e6c00000| Untracked 
| 109|0x00000000e6d00000, 0x00000000e6d00000, 0x00000000e6e00000|  0%| F|  |TAMS 0x00000000e6d00000, 0x00000000e6d00000| Untracked 
| 110|0x00000000e6e00000, 0x00000000e6e00000, 0x00000000e6f00000|  0%| F|  |TAMS 0x00000000e6e00000, 0x00000000e6e00000| Untracked 
| 111|0x00000000e6f00000, 0x00000000e6f00000, 0x00000000e7000000|  0%| F|  |TAMS 0x00000000e6f00000, 0x00000000e6f00000| Untracked 
| 112|0x00000000e7000000, 0x00000000e7000000, 0x00000000e7100000|  0%| F|  |TAMS 0x00000000e7000000, 0x00000000e7000000| Untracked 
| 113|0x00000000e7100000, 0x00000000e7100000, 0x00000000e7200000|  0%| F|  |TAMS 0x00000000e7100000, 0x00000000e7100000| Untracked 
| 114|0x00000000e7200000, 0x00000000e7200000, 0x00000000e7300000|  0%| F|  |TAMS 0x00000000e7200000, 0x00000000e7200000| Untracked 
| 115|0x00000000e7300000, 0x00000000e7300000, 0x00000000e7400000|  0%| F|  |TAMS 0x00000000e7300000, 0x00000000e7300000| Untracked 
| 116|0x00000000e7400000, 0x00000000e7400000, 0x00000000e7500000|  0%| F|  |TAMS 0x00000000e7400000, 0x00000000e7400000| Untracked 
| 117|0x00000000e7500000, 0x00000000e7500000, 0x00000000e7600000|  0%| F|  |TAMS 0x00000000e7500000, 0x00000000e7500000| Untracked 
| 118|0x00000000e7600000, 0x00000000e7600000, 0x00000000e7700000|  0%| F|  |TAMS 0x00000000e7600000, 0x00000000e7600000| Untracked 
| 119|0x00000000e7700000, 0x00000000e7700000, 0x00000000e7800000|  0%| F|  |TAMS 0x00000000e7700000, 0x00000000e7700000| Untracked 
| 120|0x00000000e7800000, 0x00000000e7800000, 0x00000000e7900000|  0%| F|  |TAMS 0x00000000e7800000, 0x00000000e7800000| Untracked 
| 121|0x00000000e7900000, 0x00000000e7900000, 0x00000000e7a00000|  0%| F|  |TAMS 0x00000000e7900000, 0x00000000e7900000| Untracked 
| 122|0x00000000e7a00000, 0x00000000e7a00000, 0x00000000e7b00000|  0%| F|  |TAMS 0x00000000e7a00000, 0x00000000e7a00000| Untracked 
| 123|0x00000000e7b00000, 0x00000000e7b00000, 0x00000000e7c00000|  0%| F|  |TAMS 0x00000000e7b00000, 0x00000000e7b00000| Untracked 
| 124|0x00000000e7c00000, 0x00000000e7c00000, 0x00000000e7d00000|  0%| F|  |TAMS 0x00000000e7c00000, 0x00000000e7c00000| Untracked 
| 125|0x00000000e7d00000, 0x00000000e7d00000, 0x00000000e7e00000|  0%| F|  |TAMS 0x00000000e7d00000, 0x00000000e7d00000| Untracked 
| 126|0x00000000e7e00000, 0x00000000e7e00000, 0x00000000e7f00000|  0%| F|  |TAMS 0x00000000e7e00000, 0x00000000e7e00000| Untracked 
| 127|0x00000000e7f00000, 0x00000000e7f00000, 0x00000000e8000000|  0%| F|  |TAMS 0x00000000e7f00000, 0x00000000e7f00000| Untracked 
| 128|0x00000000e8000000, 0x00000000e8000000, 0x00000000e8100000|  0%| F|  |TAMS 0x00000000e8000000, 0x00000000e8000000| Untracked 
| 129|0x00000000e8100000, 0x00000000e8100000, 0x00000000e8200000|  0%| F|  |TAMS 0x00000000e8100000, 0x00000000e8100000| Untracked 
| 130|0x00000000e8200000, 0x00000000e8200000, 0x00000000e8300000|  0%| F|  |TAMS 0x00000000e8200000, 0x00000000e8200000| Untracked 
| 131|0x00000000e8300000, 0x00000000e8300000, 0x00000000e8400000|  0%| F|  |TAMS 0x00000000e8300000, 0x00000000e8300000| Untracked 
| 132|0x00000000e8400000, 0x00000000e8400000, 0x00000000e8500000|  0%| F|  |TAMS 0x00000000e8400000, 0x00000000e8400000| Untracked 
| 133|0x00000000e8500000, 0x00000000e8500000, 0x00000000e8600000|  0%| F|  |TAMS 0x00000000e8500000, 0x00000000e8500000| Untracked 
| 134|0x00000000e8600000, 0x00000000e8600000, 0x00000000e8700000|  0%| F|  |TAMS 0x00000000e8600000, 0x00000000e8600000| Untracked 
| 135|0x00000000e8700000, 0x00000000e8700000, 0x00000000e8800000|  0%| F|  |TAMS 0x00000000e8700000, 0x00000000e8700000| Untracked 
| 136|0x00000000e8800000, 0x00000000e8800000, 0x00000000e8900000|  0%| F|  |TAMS 0x00000000e8800000, 0x00000000e8800000| Untracked 
| 137|0x00000000e8900000, 0x00000000e8900000, 0x00000000e8a00000|  0%| F|  |TAMS 0x00000000e8900000, 0x00000000e8900000| Untracked 
| 138|0x00000000e8a00000, 0x00000000e8a00000, 0x00000000e8b00000|  0%| F|  |TAMS 0x00000000e8a00000, 0x00000000e8a00000| Untracked 
| 139|0x00000000e8b00000, 0x00000000e8b00000, 0x00000000e8c00000|  0%| F|  |TAMS 0x00000000e8b00000, 0x00000000e8b00000| Untracked 
| 140|0x00000000e8c00000, 0x00000000e8c00000, 0x00000000e8d00000|  0%| F|  |TAMS 0x00000000e8c00000, 0x00000000e8c00000| Untracked 
| 141|0x00000000e8d00000, 0x00000000e8d00000, 0x00000000e8e00000|  0%| F|  |TAMS 0x00000000e8d00000, 0x00000000e8d00000| Untracked 
| 142|0x00000000e8e00000, 0x00000000e8e00000, 0x00000000e8f00000|  0%| F|  |TAMS 0x00000000e8e00000, 0x00000000e8e00000| Untracked 
| 143|0x00000000e8f00000, 0x00000000e8f00000, 0x00000000e9000000|  0%| F|  |TAMS 0x00000000e8f00000, 0x00000000e8f00000| Untracked 
| 144|0x00000000e9000000, 0x00000000e9000000, 0x00000000e9100000|  0%| F|  |TAMS 0x00000000e9000000, 0x00000000e9000000| Untracked 
| 145|0x00000000e9100000, 0x00000000e9100000, 0x00000000e9200000|  0%| F|  |TAMS 0x00000000e9100000, 0x00000000e9100000| Untracked 
| 146|0x00000000e9200000, 0x00000000e9200000, 0x00000000e9300000|  0%| F|  |TAMS 0x00000000e9200000, 0x00000000e9200000| Untracked 
| 147|0x00000000e9300000, 0x00000000e9300000, 0x00000000e9400000|  0%| F|  |TAMS 0x00000000e9300000, 0x00000000e9300000| Untracked 
| 148|0x00000000e9400000, 0x00000000e9400000, 0x00000000e9500000|  0%| F|  |TAMS 0x00000000e9400000, 0x00000000e9400000| Untracked 
| 149|0x00000000e9500000, 0x00000000e9500000, 0x00000000e9600000|  0%| F|  |TAMS 0x00000000e9500000, 0x00000000e9500000| Untracked 
| 150|0x00000000e9600000, 0x00000000e9600000, 0x00000000e9700000|  0%| F|  |TAMS 0x00000000e9600000, 0x00000000e9600000| Untracked 
| 151|0x00000000e9700000, 0x00000000e9700000, 0x00000000e9800000|  0%| F|  |TAMS 0x00000000e9700000, 0x00000000e9700000| Untracked 
| 152|0x00000000e9800000, 0x00000000e9800000, 0x00000000e9900000|  0%| F|  |TAMS 0x00000000e9800000, 0x00000000e9800000| Untracked 
| 153|0x00000000e9900000, 0x00000000e9900000, 0x00000000e9a00000|  0%| F|  |TAMS 0x00000000e9900000, 0x00000000e9900000| Untracked 
| 154|0x00000000e9a00000, 0x00000000e9a00000, 0x00000000e9b00000|  0%| F|  |TAMS 0x00000000e9a00000, 0x00000000e9a00000| Untracked 
| 155|0x00000000e9b00000, 0x00000000e9b00000, 0x00000000e9c00000|  0%| F|  |TAMS 0x00000000e9b00000, 0x00000000e9b00000| Untracked 
| 156|0x00000000e9c00000, 0x00000000e9c00000, 0x00000000e9d00000|  0%| F|  |TAMS 0x00000000e9c00000, 0x00000000e9c00000| Untracked 
| 157|0x00000000e9d00000, 0x00000000e9d00000, 0x00000000e9e00000|  0%| F|  |TAMS 0x00000000e9d00000, 0x00000000e9d00000| Untracked 
| 158|0x00000000e9e00000, 0x00000000e9e00000, 0x00000000e9f00000|  0%| F|  |TAMS 0x00000000e9e00000, 0x00000000e9e00000| Untracked 
| 159|0x00000000e9f00000, 0x00000000e9f00000, 0x00000000ea000000|  0%| F|  |TAMS 0x00000000e9f00000, 0x00000000e9f00000| Untracked 
| 160|0x00000000ea000000, 0x00000000ea000000, 0x00000000ea100000|  0%| F|  |TAMS 0x00000000ea000000, 0x00000000ea000000| Untracked 
| 161|0x00000000ea100000, 0x00000000ea100000, 0x00000000ea200000|  0%| F|  |TAMS 0x00000000ea100000, 0x00000000ea100000| Untracked 
| 162|0x00000000ea200000, 0x00000000ea200000, 0x00000000ea300000|  0%| F|  |TAMS 0x00000000ea200000, 0x00000000ea200000| Untracked 
| 163|0x00000000ea300000, 0x00000000ea300000, 0x00000000ea400000|  0%| F|  |TAMS 0x00000000ea300000, 0x00000000ea300000| Untracked 
| 164|0x00000000ea400000, 0x00000000ea400000, 0x00000000ea500000|  0%| F|  |TAMS 0x00000000ea400000, 0x00000000ea400000| Untracked 
| 165|0x00000000ea500000, 0x00000000ea500000, 0x00000000ea600000|  0%| F|  |TAMS 0x00000000ea500000, 0x00000000ea500000| Untracked 
| 166|0x00000000ea600000, 0x00000000ea600000, 0x00000000ea700000|  0%| F|  |TAMS 0x00000000ea600000, 0x00000000ea600000| Untracked 
| 167|0x00000000ea700000, 0x00000000ea700000, 0x00000000ea800000|  0%| F|  |TAMS 0x00000000ea700000, 0x00000000ea700000| Untracked 
| 168|0x00000000ea800000, 0x00000000ea800000, 0x00000000ea900000|  0%| F|  |TAMS 0x00000000ea800000, 0x00000000ea800000| Untracked 
| 169|0x00000000ea900000, 0x00000000ea900000, 0x00000000eaa00000|  0%| F|  |TAMS 0x00000000ea900000, 0x00000000ea900000| Untracked 
| 170|0x00000000eaa00000, 0x00000000eaa00000, 0x00000000eab00000|  0%| F|  |TAMS 0x00000000eaa00000, 0x00000000eaa00000| Untracked 
| 171|0x00000000eab00000, 0x00000000eab00000, 0x00000000eac00000|  0%| F|  |TAMS 0x00000000eab00000, 0x00000000eab00000| Untracked 
| 172|0x00000000eac00000, 0x00000000eac00000, 0x00000000ead00000|  0%| F|  |TAMS 0x00000000eac00000, 0x00000000eac00000| Untracked 
| 173|0x00000000ead00000, 0x00000000ead00000, 0x00000000eae00000|  0%| F|  |TAMS 0x00000000ead00000, 0x00000000ead00000| Untracked 
| 174|0x00000000eae00000, 0x00000000eae00000, 0x00000000eaf00000|  0%| F|  |TAMS 0x00000000eae00000, 0x00000000eae00000| Untracked 
| 175|0x00000000eaf00000, 0x00000000eaf00000, 0x00000000eb000000|  0%| F|  |TAMS 0x00000000eaf00000, 0x00000000eaf00000| Untracked 
| 176|0x00000000eb000000, 0x00000000eb000000, 0x00000000eb100000|  0%| F|  |TAMS 0x00000000eb000000, 0x00000000eb000000| Untracked 
| 177|0x00000000eb100000, 0x00000000eb100000, 0x00000000eb200000|  0%| F|  |TAMS 0x00000000eb100000, 0x00000000eb100000| Untracked 
| 178|0x00000000eb200000, 0x00000000eb200000, 0x00000000eb300000|  0%| F|  |TAMS 0x00000000eb200000, 0x00000000eb200000| Untracked 
| 179|0x00000000eb300000, 0x00000000eb300000, 0x00000000eb400000|  0%| F|  |TAMS 0x00000000eb300000, 0x00000000eb300000| Untracked 
| 180|0x00000000eb400000, 0x00000000eb400000, 0x00000000eb500000|  0%| F|  |TAMS 0x00000000eb400000, 0x00000000eb400000| Untracked 
| 181|0x00000000eb500000, 0x00000000eb500000, 0x00000000eb600000|  0%| F|  |TAMS 0x00000000eb500000, 0x00000000eb500000| Untracked 
| 182|0x00000000eb600000, 0x00000000eb600000, 0x00000000eb700000|  0%| F|  |TAMS 0x00000000eb600000, 0x00000000eb600000| Untracked 
| 183|0x00000000eb700000, 0x00000000eb700000, 0x00000000eb800000|  0%| F|  |TAMS 0x00000000eb700000, 0x00000000eb700000| Untracked 
| 184|0x00000000eb800000, 0x00000000eb800000, 0x00000000eb900000|  0%| F|  |TAMS 0x00000000eb800000, 0x00000000eb800000| Untracked 
| 185|0x00000000eb900000, 0x00000000eb900000, 0x00000000eba00000|  0%| F|  |TAMS 0x00000000eb900000, 0x00000000eb900000| Untracked 
| 186|0x00000000eba00000, 0x00000000eba00000, 0x00000000ebb00000|  0%| F|  |TAMS 0x00000000eba00000, 0x00000000eba00000| Untracked 
| 187|0x00000000ebb00000, 0x00000000ebb00000, 0x00000000ebc00000|  0%| F|  |TAMS 0x00000000ebb00000, 0x00000000ebb00000| Untracked 
| 188|0x00000000ebc00000, 0x00000000ebc00000, 0x00000000ebd00000|  0%| F|  |TAMS 0x00000000ebc00000, 0x00000000ebc00000| Untracked 
| 189|0x00000000ebd00000, 0x00000000ebd00000, 0x00000000ebe00000|  0%| F|  |TAMS 0x00000000ebd00000, 0x00000000ebd00000| Untracked 
| 190|0x00000000ebe00000, 0x00000000ebe00000, 0x00000000ebf00000|  0%| F|  |TAMS 0x00000000ebe00000, 0x00000000ebe00000| Untracked 
| 191|0x00000000ebf00000, 0x00000000ebf00000, 0x00000000ec000000|  0%| F|  |TAMS 0x00000000ebf00000, 0x00000000ebf00000| Untracked 
| 192|0x00000000ec000000, 0x00000000ec000000, 0x00000000ec100000|  0%| F|  |TAMS 0x00000000ec000000, 0x00000000ec000000| Untracked 
| 193|0x00000000ec100000, 0x00000000ec100000, 0x00000000ec200000|  0%| F|  |TAMS 0x00000000ec100000, 0x00000000ec100000| Untracked 
| 194|0x00000000ec200000, 0x00000000ec200000, 0x00000000ec300000|  0%| F|  |TAMS 0x00000000ec200000, 0x00000000ec200000| Untracked 
| 195|0x00000000ec300000, 0x00000000ec300000, 0x00000000ec400000|  0%| F|  |TAMS 0x00000000ec300000, 0x00000000ec300000| Untracked 
| 196|0x00000000ec400000, 0x00000000ec400000, 0x00000000ec500000|  0%| F|  |TAMS 0x00000000ec400000, 0x00000000ec400000| Untracked 
| 197|0x00000000ec500000, 0x00000000ec500000, 0x00000000ec600000|  0%| F|  |TAMS 0x00000000ec500000, 0x00000000ec500000| Untracked 
| 198|0x00000000ec600000, 0x00000000ec600000, 0x00000000ec700000|  0%| F|  |TAMS 0x00000000ec600000, 0x00000000ec600000| Untracked 
| 199|0x00000000ec700000, 0x00000000ec700000, 0x00000000ec800000|  0%| F|  |TAMS 0x00000000ec700000, 0x00000000ec700000| Untracked 
| 200|0x00000000ec800000, 0x00000000ec800000, 0x00000000ec900000|  0%| F|  |TAMS 0x00000000ec800000, 0x00000000ec800000| Untracked 
| 201|0x00000000ec900000, 0x00000000ec900000, 0x00000000eca00000|  0%| F|  |TAMS 0x00000000ec900000, 0x00000000ec900000| Untracked 
| 202|0x00000000eca00000, 0x00000000eca00000, 0x00000000ecb00000|  0%| F|  |TAMS 0x00000000eca00000, 0x00000000eca00000| Untracked 
| 203|0x00000000ecb00000, 0x00000000ecb00000, 0x00000000ecc00000|  0%| F|  |TAMS 0x00000000ecb00000, 0x00000000ecb00000| Untracked 
| 204|0x00000000ecc00000, 0x00000000ecc00000, 0x00000000ecd00000|  0%| F|  |TAMS 0x00000000ecc00000, 0x00000000ecc00000| Untracked 
| 205|0x00000000ecd00000, 0x00000000ecd00000, 0x00000000ece00000|  0%| F|  |TAMS 0x00000000ecd00000, 0x00000000ecd00000| Untracked 
| 206|0x00000000ece00000, 0x00000000ece00000, 0x00000000ecf00000|  0%| F|  |TAMS 0x00000000ece00000, 0x00000000ece00000| Untracked 
| 207|0x00000000ecf00000, 0x00000000ecf00000, 0x00000000ed000000|  0%| F|  |TAMS 0x00000000ecf00000, 0x00000000ecf00000| Untracked 
| 208|0x00000000ed000000, 0x00000000ed000000, 0x00000000ed100000|  0%| F|  |TAMS 0x00000000ed000000, 0x00000000ed000000| Untracked 
| 209|0x00000000ed100000, 0x00000000ed100000, 0x00000000ed200000|  0%| F|  |TAMS 0x00000000ed100000, 0x00000000ed100000| Untracked 
| 210|0x00000000ed200000, 0x00000000ed200000, 0x00000000ed300000|  0%| F|  |TAMS 0x00000000ed200000, 0x00000000ed200000| Untracked 
| 211|0x00000000ed300000, 0x00000000ed300000, 0x00000000ed400000|  0%| F|  |TAMS 0x00000000ed300000, 0x00000000ed300000| Untracked 
| 212|0x00000000ed400000, 0x00000000ed400000, 0x00000000ed500000|  0%| F|  |TAMS 0x00000000ed400000, 0x00000000ed400000| Untracked 
| 213|0x00000000ed500000, 0x00000000ed500000, 0x00000000ed600000|  0%| F|  |TAMS 0x00000000ed500000, 0x00000000ed500000| Untracked 
| 214|0x00000000ed600000, 0x00000000ed600000, 0x00000000ed700000|  0%| F|  |TAMS 0x00000000ed600000, 0x00000000ed600000| Untracked 
| 215|0x00000000ed700000, 0x00000000ed700000, 0x00000000ed800000|  0%| F|  |TAMS 0x00000000ed700000, 0x00000000ed700000| Untracked 
| 216|0x00000000ed800000, 0x00000000ed800000, 0x00000000ed900000|  0%| F|  |TAMS 0x00000000ed800000, 0x00000000ed800000| Untracked 
| 217|0x00000000ed900000, 0x00000000ed900000, 0x00000000eda00000|  0%| F|  |TAMS 0x00000000ed900000, 0x00000000ed900000| Untracked 
| 218|0x00000000eda00000, 0x00000000eda00000, 0x00000000edb00000|  0%| F|  |TAMS 0x00000000eda00000, 0x00000000eda00000| Untracked 
| 219|0x00000000edb00000, 0x00000000edb00000, 0x00000000edc00000|  0%| F|  |TAMS 0x00000000edb00000, 0x00000000edb00000| Untracked 
| 220|0x00000000edc00000, 0x00000000edc00000, 0x00000000edd00000|  0%| F|  |TAMS 0x00000000edc00000, 0x00000000edc00000| Untracked 
| 221|0x00000000edd00000, 0x00000000edd00000, 0x00000000ede00000|  0%| F|  |TAMS 0x00000000edd00000, 0x00000000edd00000| Untracked 
| 222|0x00000000ede00000, 0x00000000ede00000, 0x00000000edf00000|  0%| F|  |TAMS 0x00000000ede00000, 0x00000000ede00000| Untracked 
| 223|0x00000000edf00000, 0x00000000edf00000, 0x00000000ee000000|  0%| F|  |TAMS 0x00000000edf00000, 0x00000000edf00000| Untracked 
| 224|0x00000000ee000000, 0x00000000ee000000, 0x00000000ee100000|  0%| F|  |TAMS 0x00000000ee000000, 0x00000000ee000000| Untracked 
| 225|0x00000000ee100000, 0x00000000ee100000, 0x00000000ee200000|  0%| F|  |TAMS 0x00000000ee100000, 0x00000000ee100000| Untracked 
| 226|0x00000000ee200000, 0x00000000ee200000, 0x00000000ee300000|  0%| F|  |TAMS 0x00000000ee200000, 0x00000000ee200000| Untracked 
| 227|0x00000000ee300000, 0x00000000ee300000, 0x00000000ee400000|  0%| F|  |TAMS 0x00000000ee300000, 0x00000000ee300000| Untracked 
| 228|0x00000000ee400000, 0x00000000ee400000, 0x00000000ee500000|  0%| F|  |TAMS 0x00000000ee400000, 0x00000000ee400000| Untracked 
| 229|0x00000000ee500000, 0x00000000ee500000, 0x00000000ee600000|  0%| F|  |TAMS 0x00000000ee500000, 0x00000000ee500000| Untracked 
| 230|0x00000000ee600000, 0x00000000ee660b00, 0x00000000ee700000| 37%| S|CS|TAMS 0x00000000ee600000, 0x00000000ee600000| Complete 
| 231|0x00000000ee700000, 0x00000000ee800000, 0x00000000ee800000|100%| S|CS|TAMS 0x00000000ee700000, 0x00000000ee700000| Complete 
| 232|0x00000000ee800000, 0x00000000ee800000, 0x00000000ee900000|  0%| F|  |TAMS 0x00000000ee800000, 0x00000000ee800000| Untracked 
| 233|0x00000000ee900000, 0x00000000ee900000, 0x00000000eea00000|  0%| F|  |TAMS 0x00000000ee900000, 0x00000000ee900000| Untracked 
| 234|0x00000000eea00000, 0x00000000eea00000, 0x00000000eeb00000|  0%| F|  |TAMS 0x00000000eea00000, 0x00000000eea00000| Untracked 
| 235|0x00000000eeb00000, 0x00000000eeb00000, 0x00000000eec00000|  0%| F|  |TAMS 0x00000000eeb00000, 0x00000000eeb00000| Untracked 
| 236|0x00000000eec00000, 0x00000000eec00000, 0x00000000eed00000|  0%| F|  |TAMS 0x00000000eec00000, 0x00000000eec00000| Untracked 
| 237|0x00000000eed00000, 0x00000000eed00000, 0x00000000eee00000|  0%| F|  |TAMS 0x00000000eed00000, 0x00000000eed00000| Untracked 
| 238|0x00000000eee00000, 0x00000000eee00000, 0x00000000eef00000|  0%| F|  |TAMS 0x00000000eee00000, 0x00000000eee00000| Untracked 
| 239|0x00000000eef00000, 0x00000000eef00000, 0x00000000ef000000|  0%| F|  |TAMS 0x00000000eef00000, 0x00000000eef00000| Untracked 
| 240|0x00000000ef000000, 0x00000000ef000000, 0x00000000ef100000|  0%| F|  |TAMS 0x00000000ef000000, 0x00000000ef000000| Untracked 
| 241|0x00000000ef100000, 0x00000000ef100000, 0x00000000ef200000|  0%| F|  |TAMS 0x00000000ef100000, 0x00000000ef100000| Untracked 
| 242|0x00000000ef200000, 0x00000000ef200000, 0x00000000ef300000|  0%| F|  |TAMS 0x00000000ef200000, 0x00000000ef200000| Untracked 
| 243|0x00000000ef300000, 0x00000000ef400000, 0x00000000ef400000|100%| E|  |TAMS 0x00000000ef300000, 0x00000000ef300000| Complete 
| 244|0x00000000ef400000, 0x00000000ef500000, 0x00000000ef500000|100%| E|CS|TAMS 0x00000000ef400000, 0x00000000ef400000| Complete 
| 245|0x00000000ef500000, 0x00000000ef600000, 0x00000000ef600000|100%| E|CS|TAMS 0x00000000ef500000, 0x00000000ef500000| Complete 
| 246|0x00000000ef600000, 0x00000000ef700000, 0x00000000ef700000|100%| E|CS|TAMS 0x00000000ef600000, 0x00000000ef600000| Complete 
| 247|0x00000000ef700000, 0x00000000ef800000, 0x00000000ef800000|100%| E|CS|TAMS 0x00000000ef700000, 0x00000000ef700000| Complete 
| 248|0x00000000ef800000, 0x00000000ef900000, 0x00000000ef900000|100%| E|CS|TAMS 0x00000000ef800000, 0x00000000ef800000| Complete 
| 249|0x00000000ef900000, 0x00000000efa00000, 0x00000000efa00000|100%| E|CS|TAMS 0x00000000ef900000, 0x00000000ef900000| Complete 
| 250|0x00000000efa00000, 0x00000000efb00000, 0x00000000efb00000|100%| E|CS|TAMS 0x00000000efa00000, 0x00000000efa00000| Complete 
| 251|0x00000000efb00000, 0x00000000efc00000, 0x00000000efc00000|100%| E|CS|TAMS 0x00000000efb00000, 0x00000000efb00000| Complete 

Card table byte_map: [0x00000196f2fd0000,0x00000196f30d0000] _byte_map_base: 0x00000196f28d0000

Marking Bits (Prev, Next): (CMBitMap*) 0x00000196da40f260, (CMBitMap*) 0x00000196da40f2a0
 Prev Bits: [0x00000196f31d0000, 0x00000196f39d0000)
 Next Bits: [0x00000196f39d0000, 0x00000196f41d0000)

Polling page: 0x00000196da490000

Metaspace:

Usage:
  Non-class:     10.22 MB used.
      Class:      1.56 MB used.
       Both:     11.78 MB used.

Virtual space:
  Non-class space:       64.00 MB reserved,      10.38 MB ( 16%) committed,  1 nodes.
      Class space:        1.00 GB reserved,       1.75 MB ( <1%) committed,  1 nodes.
             Both:        1.06 GB reserved,      12.12 MB (  1%) committed. 

Chunk freelists:
   Non-Class:  4.94 MB
       Class:  14.31 MB
        Both:  19.25 MB

MaxMetaspaceSize: unlimited
CompressedClassSpaceSize: 1.00 GB
Initial GC threshold: 21.00 MB
Current GC threshold: 21.00 MB
CDS: on
MetaspaceReclaimPolicy: balanced
 - commit_granule_bytes: 65536.
 - commit_granule_words: 8192.
 - virtual_space_node_default_size: 8388608.
 - enlarge_chunks_in_place: 1.
 - new_chunks_are_fully_committed: 0.
 - uncommit_free_chunks: 1.
 - use_allocation_guard: 0.
 - handle_deallocations: 1.


Internal statistics:

num_allocs_failed_limit: 0.
num_arena_births: 224.
num_arena_deaths: 0.
num_vsnodes_births: 2.
num_vsnodes_deaths: 0.
num_space_committed: 194.
num_space_uncommitted: 0.
num_chunks_returned_to_freelist: 0.
num_chunks_taken_from_freelist: 658.
num_chunk_merges: 0.
num_chunk_splits: 380.
num_chunks_enlarged: 236.
num_inconsistent_stats: 0.

CodeHeap 'non-profiled nmethods': size=120000Kb used=693Kb max_used=693Kb free=119306Kb
 bounds [0x00000196eaf20000, 0x00000196eb190000, 0x00000196f2450000]
CodeHeap 'profiled nmethods': size=120000Kb used=3844Kb max_used=3844Kb free=116155Kb
 bounds [0x00000196e3450000, 0x00000196e3820000, 0x00000196ea980000]
CodeHeap 'non-nmethods': size=5760Kb used=1204Kb max_used=1224Kb free=4555Kb
 bounds [0x00000196ea980000, 0x00000196eabf0000, 0x00000196eaf20000]
 total_blobs=2396 nmethods=1900 adapters=409
 compilation: enabled
              stopped_count=0, restarted_count=0
 full_count=0

Compilation events (20 events):
Event: 1.488 Thread 0x00000196f6c6c030 1841       1       sun.nio.fs.NativeBuffer::owner (5 bytes)
Event: 1.489 Thread 0x00000196f6c6c030 nmethod 1841 0x00000196eafcc110 code [0x00000196eafcc2a0, 0x00000196eafcc378]
Event: 1.489 Thread 0x00000196f6c6c030 1842       3       sun.nio.fs.NativeBuffers::getNativeBufferFromCache (51 bytes)
Event: 1.489 Thread 0x00000196f6c6c030 nmethod 1842 0x00000196e37e2510 code [0x00000196e37e2700, 0x00000196e37e2d48]
Event: 1.489 Thread 0x00000196f6c6c030 1845       3       java.lang.String::equals (56 bytes)
Event: 1.489 Thread 0x00000196f6c6c030 nmethod 1845 0x00000196e37e2f10 code [0x00000196e37e30e0, 0x00000196e37e3568]
Event: 1.489 Thread 0x00000196f6c6c030 1847       3       java.util.StringTokenizer::scanToken (179 bytes)
Event: 1.491 Thread 0x00000196f6c6c030 nmethod 1847 0x00000196e37e3690 code [0x00000196e37e3a00, 0x00000196e37e5018]
Event: 1.491 Thread 0x00000196f6c6c030 1846       3       java.lang.String::indexOf (18 bytes)
Event: 1.491 Thread 0x00000196f6c6c030 nmethod 1846 0x00000196e37e5810 code [0x00000196e37e59e0, 0x00000196e37e5ca8]
Event: 1.491 Thread 0x00000196f6c6c030 1849       3       java.lang.String::replace (42 bytes)
Event: 1.491 Thread 0x00000196f6c6c030 nmethod 1849 0x00000196e37e5e10 code [0x00000196e37e5fe0, 0x00000196e37e6318]
Event: 1.491 Thread 0x00000196f6c6c030 1848       3       java.lang.StringUTF16::indexOfLatin1Unsafe (212 bytes)
Event: 1.492 Thread 0x00000196f6c6c030 nmethod 1848 0x00000196e37e6410 code [0x00000196e37e65e0, 0x00000196e37e6af8]
Event: 1.492 Thread 0x00000196f6c6c030 1844       3       sun.nio.fs.NativeBuffers::releaseNativeBuffer (97 bytes)
Event: 1.492 Thread 0x00000196f6c6c030 nmethod 1844 0x00000196e37e6d10 code [0x00000196e37e7000, 0x00000196e37e8338]
Event: 1.492 Thread 0x00000196f6c6c030 1843       3       sun.nio.fs.NativeBuffer::release (5 bytes)
Event: 1.492 Thread 0x00000196f6c6c030 nmethod 1843 0x00000196e37e8890 code [0x00000196e37e8a20, 0x00000196e37e8b48]
Event: 1.493 Thread 0x00000196f6c6c030 1850   !   3       java.net.URL::<init> (543 bytes)
Event: 1.497 Thread 0x00000196f6c6c030 nmethod 1850 0x00000196e37e8c10 code [0x00000196e37e92a0, 0x00000196e37ecc88]

GC Heap History (4 events):
Event: 0.950 GC heap before
{Heap before GC invocations=0 (full 0):
 garbage-first heap   total 258048K, used 23552K [0x00000000e0000000, 0x0000000100000000)
  region size 1024K, 23 young (23552K), 0 survivors (0K)
 Metaspace       used 6361K, committed 6528K, reserved 1114112K
  class space    used 813K, committed 896K, reserved 1048576K
}
Event: 0.955 GC heap after
{Heap after GC invocations=1 (full 0):
 garbage-first heap   total 258048K, used 7622K [0x00000000e0000000, 0x0000000100000000)
  region size 1024K, 3 young (3072K), 3 survivors (3072K)
 Metaspace       used 6361K, committed 6528K, reserved 1114112K
  class space    used 813K, committed 896K, reserved 1048576K
}
Event: 1.358 GC heap before
{Heap before GC invocations=1 (full 0):
 garbage-first heap   total 258048K, used 28102K [0x00000000e0000000, 0x0000000100000000)
  region size 1024K, 23 young (23552K), 3 survivors (3072K)
 Metaspace       used 10428K, committed 10688K, reserved 1114112K
  class space    used 1395K, committed 1536K, reserved 1048576K
}
Event: 1.360 GC heap after
{Heap after GC invocations=2 (full 0):
 garbage-first heap   total 258048K, used 8672K [0x00000000e0000000, 0x0000000100000000)
  region size 1024K, 2 young (2048K), 2 survivors (2048K)
 Metaspace       used 10428K, committed 10688K, reserved 1114112K
  class space    used 1395K, committed 1536K, reserved 1048576K
}

Deoptimization events (20 events):
Event: 1.481 Thread 0x00000196da2be910 Uncommon trap: trap_request=0xffffff45 fr.pc=0x00000196eafc3424 relative=0x0000000000000284
Event: 1.481 Thread 0x00000196da2be910 Uncommon trap: reason=unstable_if action=reinterpret pc=0x00000196eafc3424 method=java.lang.String.indexOf([BBILjava/lang/String;I)I @ 62 c2
Event: 1.481 Thread 0x00000196da2be910 DEOPT PACKING pc=0x00000196eafc3424 sp=0x0000006e9eefbe70
Event: 1.481 Thread 0x00000196da2be910 DEOPT UNPACKING pc=0x00000196ea9d5ba3 sp=0x0000006e9eefbd80 mode 2
Event: 1.481 Thread 0x00000196da2be910 Uncommon trap: trap_request=0xffffff45 fr.pc=0x00000196eafc714c relative=0x000000000000012c
Event: 1.481 Thread 0x00000196da2be910 Uncommon trap: reason=unstable_if action=reinterpret pc=0x00000196eafc714c method=java.lang.StringConcatHelper.prepend(J[BLjava/lang/String;)J @ 13 c2
Event: 1.481 Thread 0x00000196da2be910 DEOPT PACKING pc=0x00000196eafc714c sp=0x0000006e9eefbdf0
Event: 1.481 Thread 0x00000196da2be910 DEOPT UNPACKING pc=0x00000196ea9d5ba3 sp=0x0000006e9eefbda0 mode 2
Event: 1.481 Thread 0x00000196da2be910 Uncommon trap: trap_request=0xffffff45 fr.pc=0x00000196eafc39f8 relative=0x00000000000000f8
Event: 1.481 Thread 0x00000196da2be910 Uncommon trap: reason=unstable_if action=reinterpret pc=0x00000196eafc39f8 method=java.lang.String.getBytes([BIB)V @ 5 c2
Event: 1.481 Thread 0x00000196da2be910 DEOPT PACKING pc=0x00000196eafc39f8 sp=0x0000006e9eefbd50
Event: 1.481 Thread 0x00000196da2be910 DEOPT UNPACKING pc=0x00000196ea9d5ba3 sp=0x0000006e9eefbd18 mode 2
Event: 1.485 Thread 0x00000196da2be910 Uncommon trap: trap_request=0xffffff45 fr.pc=0x00000196eafc458c relative=0x000000000000018c
Event: 1.485 Thread 0x00000196da2be910 Uncommon trap: reason=unstable_if action=reinterpret pc=0x00000196eafc458c method=java.lang.String.equals(Ljava/lang/Object;)Z @ 33 c2
Event: 1.485 Thread 0x00000196da2be910 DEOPT PACKING pc=0x00000196eafc458c sp=0x0000006e9eefba00
Event: 1.485 Thread 0x00000196da2be910 DEOPT UNPACKING pc=0x00000196ea9d5ba3 sp=0x0000006e9eefb9a0 mode 2
Event: 1.485 Thread 0x00000196da2be910 Uncommon trap: trap_request=0xffffff45 fr.pc=0x00000196eaf5ca88 relative=0x0000000000000248
Event: 1.485 Thread 0x00000196da2be910 Uncommon trap: reason=unstable_if action=reinterpret pc=0x00000196eaf5ca88 method=java.util.StringTokenizer.scanToken(I)I @ 42 c2
Event: 1.485 Thread 0x00000196da2be910 DEOPT PACKING pc=0x00000196eaf5ca88 sp=0x0000006e9eefb7a0
Event: 1.485 Thread 0x00000196da2be910 DEOPT UNPACKING pc=0x00000196ea9d5ba3 sp=0x0000006e9eefb730 mode 2

Classes unloaded (0 events):
No events

Classes redefined (0 events):
No events

Internal exceptions (20 events):
Event: 1.134 Thread 0x00000196da2be910 Exception <a 'java/lang/NoSuchMethodError'{0x00000000ef3c96e8}: 'void java.lang.invoke.DirectMethodHandle$Holder.invokeStaticInit(java.lang.Object, java.lang.Object, java.lang.Object, java.lang.Object)'> (0x00000000ef3c96e8) 
thrown [s\open\src\hotspot\share\interpreter\linkResolver.cpp, line 759]
Event: 1.143 Thread 0x00000196da2be910 Exception <a 'java/lang/NoSuchMethodError'{0x00000000ef242558}: 'int java.lang.invoke.DirectMethodHandle$Holder.invokeStaticInit(java.lang.Object, java.lang.Object)'> (0x00000000ef242558) 
thrown [s\open\src\hotspot\share\interpreter\linkResolver.cpp, line 759]
Event: 1.172 Thread 0x00000196da2be910 Exception <a 'java/lang/NoSuchMethodError'{0x00000000ef1c4298}: 'java.lang.Object java.lang.invoke.DirectMethodHandle$Holder.newInvokeSpecial(java.lang.Object, java.lang.Object, int)'> (0x00000000ef1c4298) 
thrown [s\open\src\hotspot\share\interpreter\linkResolver.cpp, line 759]
Event: 1.178 Thread 0x00000196da2be910 Exception <a 'java/lang/NoSuchMethodError'{0x00000000ef010c38}: 'void java.lang.invoke.DirectMethodHandle$Holder.invokeStatic(java.lang.Object, java.lang.Object)'> (0x00000000ef010c38) 
thrown [s\open\src\hotspot\share\interpreter\linkResolver.cpp, line 759]
Event: 1.219 Thread 0x00000196da2be910 Exception <a 'java/lang/ClassNotFoundException'{0x00000000eee4cdd0}: javax/smartcardio/CardPermission> (0x00000000eee4cdd0) 
thrown [s\open\src\hotspot\share\classfile\systemDictionary.cpp, line 256]
Event: 1.222 Thread 0x00000196da2be910 Exception <a 'java/io/FileNotFoundException'{0x00000000eee5bdb0}> (0x00000000eee5bdb0) 
thrown [s\open\src\hotspot\share\prims\jni.cpp, line 516]
Event: 1.235 Thread 0x00000196da2be910 Exception <a 'java/lang/NoSuchMethodError'{0x00000000eeef08b0}: 'java.lang.Object java.lang.invoke.DirectMethodHandle$Holder.invokeSpecial(java.lang.Object, java.lang.Object, java.lang.Object, long, java.lang.Object)'> (0x00000000eeef08b0) 
thrown [s\open\src\hotspot\share\interpreter\linkResolver.cpp, line 759]
Event: 1.235 Thread 0x00000196da2be910 Exception <a 'java/lang/NoSuchMethodError'{0x00000000eeef49d0}: 'java.lang.Object java.lang.invoke.Invokers$Holder.linkToTargetMethod(java.lang.Object, long, java.lang.Object, java.lang.Object)'> (0x00000000eeef49d0) 
thrown [s\open\src\hotspot\share\interpreter\linkResolver.cpp, line 759]
Event: 1.252 Thread 0x00000196da2be910 Implicit null exception at 0x00000196eaf9f55e to 0x00000196eaf9fdc0
Event: 1.252 Thread 0x00000196da2be910 Implicit null exception at 0x00000196eaf6c58f to 0x00000196eaf6c609
Event: 1.337 Thread 0x00000196da2be910 Exception <a 'java/lang/NoSuchMethodError'{0x00000000ee9b5b88}: 'int java.lang.invoke.DirectMethodHandle$Holder.invokeStaticInit(java.lang.Object, java.lang.Object, java.lang.Object)'> (0x00000000ee9b5b88) 
thrown [s\open\src\hotspot\share\interpreter\linkResolver.cpp, line 759]
Event: 1.355 Thread 0x00000196da2be910 Exception <a 'java/lang/NoSuchMethodError'{0x00000000ee8d9688}: 'int java.lang.invoke.DirectMethodHandle$Holder.invokeInterface(java.lang.Object, java.lang.Object)'> (0x00000000ee8d9688) 
thrown [s\open\src\hotspot\share\interpreter\linkResolver.cpp, line 759]
Event: 1.375 Thread 0x00000196da2be910 Exception <a 'java/lang/NoSuchMethodError'{0x00000000efa3c0f0}: 'void java.lang.invoke.DirectMethodHandle$Holder.invokeStaticInit(java.lang.Object, java.lang.Object)'> (0x00000000efa3c0f0) 
thrown [s\open\src\hotspot\share\interpreter\linkResolver.cpp, line 759]
Event: 1.396 Thread 0x00000196da2be910 Exception <a 'java/lang/NoSuchMethodError'{0x00000000ef99c638}: 'int java.lang.invoke.DirectMethodHandle$Holder.invokeVirtual(java.lang.Object, java.lang.Object, java.lang.Object)'> (0x00000000ef99c638) 
thrown [s\open\src\hotspot\share\interpreter\linkResolver.cpp, line 759]
Event: 1.438 Thread 0x00000196da2be910 Exception <a 'java/lang/IncompatibleClassChangeError'{0x00000000ef751a70}: Found class java.lang.Object, but interface was expected> (0x00000000ef751a70) 
thrown [s\open\src\hotspot\share\interpreter\linkResolver.cpp, line 826]
Event: 1.475 Thread 0x00000196da2be910 Exception <a 'java/lang/NoSuchMethodError'{0x00000000ef6ba6b8}: 'int java.lang.invoke.DirectMethodHandle$Holder.invokeSpecial(java.lang.Object, java.lang.Object, java.lang.Object, java.lang.Object)'> (0x00000000ef6ba6b8) 
thrown [s\open\src\hotspot\share\interpreter\linkResolver.cpp, line 759]
Event: 1.481 Thread 0x00000196da2be910 Exception <a 'sun/nio/fs/WindowsException'{0x00000000ef6e0d90}> (0x00000000ef6e0d90) 
thrown [s\open\src\hotspot\share\prims\jni.cpp, line 516]
Event: 1.482 Thread 0x00000196da2be910 Exception <a 'java/lang/NoSuchMethodError'{0x00000000ef6e2a30}: 'int java.lang.invoke.DirectMethodHandle$Holder.invokeSpecial(java.lang.Object, java.lang.Object, java.lang.Object, java.lang.Object, java.lang.Object)'> (0x00000000ef6e2a30) 
thrown [s\open\src\hotspot\share\interpreter\linkResolver.cpp, line 759]
Event: 1.484 Thread 0x00000196da2be910 Exception <a 'java/lang/NoSuchMethodError'{0x00000000ef6ec280}: 'void java.lang.invoke.DirectMethodHandle$Holder.invokeVirtual(java.lang.Object, java.lang.Object)'> (0x00000000ef6ec280) 
thrown [s\open\src\hotspot\share\interpreter\linkResolver.cpp, line 759]
Event: 1.488 Thread 0x00000196da2be910 Exception <a 'sun/nio/fs/WindowsException'{0x00000000ef50b920}> (0x00000000ef50b920) 
thrown [s\open\src\hotspot\share\prims\jni.cpp, line 516]

VM Operations (20 events):
Event: 0.655 Executing VM operation: HandshakeAllThreads
Event: 0.655 Executing VM operation: HandshakeAllThreads done
Event: 0.816 Executing VM operation: HandshakeAllThreads
Event: 0.816 Executing VM operation: HandshakeAllThreads done
Event: 0.848 Executing VM operation: HandshakeAllThreads
Event: 0.848 Executing VM operation: HandshakeAllThreads done
Event: 0.879 Executing VM operation: HandshakeAllThreads
Event: 0.879 Executing VM operation: HandshakeAllThreads done
Event: 0.879 Executing VM operation: HandshakeAllThreads
Event: 0.879 Executing VM operation: HandshakeAllThreads done
Event: 0.908 Executing VM operation: HandshakeAllThreads
Event: 0.908 Executing VM operation: HandshakeAllThreads done
Event: 0.949 Executing VM operation: G1CollectForAllocation
Event: 0.955 Executing VM operation: G1CollectForAllocation done
Event: 1.197 Executing VM operation: HandshakeAllThreads
Event: 1.197 Executing VM operation: HandshakeAllThreads done
Event: 1.289 Executing VM operation: HandshakeAllThreads
Event: 1.289 Executing VM operation: HandshakeAllThreads done
Event: 1.358 Executing VM operation: G1CollectForAllocation
Event: 1.360 Executing VM operation: G1CollectForAllocation done

Events (20 events):
Event: 1.482 loading class java/nio/file/FileVisitOption
Event: 1.482 loading class java/nio/file/FileVisitOption done
Event: 1.482 loading class java/nio/file/FileTreeIterator
Event: 1.482 loading class java/nio/file/FileTreeIterator done
Event: 1.483 loading class java/nio/file/FileTreeWalker
Event: 1.483 loading class java/nio/file/FileTreeWalker done
Event: 1.483 loading class java/nio/file/FileTreeWalker$1
Event: 1.483 loading class java/nio/file/FileTreeWalker$1 done
Event: 1.483 loading class java/nio/file/FileTreeWalker$DirectoryNode
Event: 1.483 loading class java/nio/file/FileTreeWalker$DirectoryNode done
Event: 1.483 loading class java/nio/file/FileTreeWalker$Event
Event: 1.483 loading class java/nio/file/FileTreeWalker$Event done
Event: 1.483 loading class java/nio/file/FileTreeWalker$EventType
Event: 1.483 loading class java/nio/file/FileTreeWalker$EventType done
Event: 1.487 loading class java/util/regex/Pattern$LazyLoop
Event: 1.487 loading class java/util/regex/Pattern$Loop
Event: 1.487 loading class java/util/regex/Pattern$Loop done
Event: 1.487 loading class java/util/regex/Pattern$LazyLoop done
Event: 1.487 loading class java/util/regex/Pattern$Prolog
Event: 1.487 loading class java/util/regex/Pattern$Prolog done


Dynamic libraries:
0x00007ff669760000 - 0x00007ff669770000 	C:\Program Files\Java\jdk-17\bin\java.exe
0x00007ffc761f0000 - 0x00007ffc76407000 	C:\WINDOWS\SYSTEM32\ntdll.dll
0x00007ffc745d0000 - 0x00007ffc74694000 	C:\WINDOWS\System32\KERNEL32.DLL
0x00007ffc73620000 - 0x00007ffc739d7000 	C:\WINDOWS\System32\KERNELBASE.dll
0x00007ffc73a50000 - 0x00007ffc73b61000 	C:\WINDOWS\System32\ucrtbase.dll
0x00007ffc44e50000 - 0x00007ffc44e6b000 	C:\Program Files\Java\jdk-17\bin\VCRUNTIME140.dll
0x00007ffc2af50000 - 0x00007ffc2af69000 	C:\Program Files\Java\jdk-17\bin\jli.dll
0x00007ffc75220000 - 0x00007ffc752d2000 	C:\WINDOWS\System32\ADVAPI32.dll
0x00007ffc749e0000 - 0x00007ffc74a87000 	C:\WINDOWS\System32\msvcrt.dll
0x00007ffc746a0000 - 0x00007ffc74748000 	C:\WINDOWS\System32\sechost.dll
0x00007ffc73500000 - 0x00007ffc73528000 	C:\WINDOWS\System32\bcrypt.dll
0x00007ffc73f20000 - 0x00007ffc74034000 	C:\WINDOWS\System32\RPCRT4.dll
0x00007ffc754d0000 - 0x00007ffc7567f000 	C:\WINDOWS\System32\USER32.dll
0x00007ffc73530000 - 0x00007ffc73556000 	C:\WINDOWS\System32\win32u.dll
0x00007ffc74750000 - 0x00007ffc74779000 	C:\WINDOWS\System32\GDI32.dll
0x00007ffc73d60000 - 0x00007ffc73e78000 	C:\WINDOWS\System32\gdi32full.dll
0x00007ffc53a30000 - 0x00007ffc53cc3000 	C:\WINDOWS\WinSxS\amd64_microsoft.windows.common-controls_6595b64144ccf1df_6.0.22621.3672_none_2713b9d173822955\COMCTL32.dll
0x00007ffc73e80000 - 0x00007ffc73f1a000 	C:\WINDOWS\System32\msvcp_win.dll
0x00007ffc6b830000 - 0x00007ffc6b83a000 	C:\WINDOWS\SYSTEM32\VERSION.dll
0x00007ffc751e0000 - 0x00007ffc75211000 	C:\WINDOWS\System32\IMM32.DLL
0x00007ffc46a20000 - 0x00007ffc46a2c000 	C:\Program Files\Java\jdk-17\bin\vcruntime140_1.dll
0x00007ffc0d880000 - 0x00007ffc0d90e000 	C:\Program Files\Java\jdk-17\bin\msvcp140.dll
0x00007ffbf9270000 - 0x00007ffbf9e51000 	C:\Program Files\Java\jdk-17\bin\server\jvm.dll
0x00007ffc752e0000 - 0x00007ffc752e8000 	C:\WINDOWS\System32\PSAPI.DLL
0x00007ffc64e80000 - 0x00007ffc64e89000 	C:\WINDOWS\SYSTEM32\WSOCK32.dll
0x00007ffc66510000 - 0x00007ffc66544000 	C:\WINDOWS\SYSTEM32\WINMM.dll
0x00007ffc740d0000 - 0x00007ffc74141000 	C:\WINDOWS\System32\WS2_32.dll
0x00007ffc72600000 - 0x00007ffc72618000 	C:\WINDOWS\SYSTEM32\kernel.appcore.dll
0x00007ffc45760000 - 0x00007ffc4576a000 	C:\Program Files\Java\jdk-17\bin\jimage.dll
0x00007ffc71a10000 - 0x00007ffc71c42000 	C:\WINDOWS\SYSTEM32\DBGHELP.DLL
0x00007ffc74b00000 - 0x00007ffc74e8e000 	C:\WINDOWS\System32\combase.dll
0x00007ffc748e0000 - 0x00007ffc749b7000 	C:\WINDOWS\System32\OLEAUT32.dll
0x00007ffc64520000 - 0x00007ffc64552000 	C:\WINDOWS\SYSTEM32\dbgcore.DLL
0x00007ffc73ce0000 - 0x00007ffc73d5b000 	C:\WINDOWS\System32\bcryptPrimitives.dll
0x00007ffc29a40000 - 0x00007ffc29a65000 	C:\Program Files\Java\jdk-17\bin\java.dll
0x00007ffc0a8c0000 - 0x00007ffc0a997000 	C:\Program Files\Java\jdk-17\bin\jsvml.dll
0x00007ffc75890000 - 0x00007ffc760f9000 	C:\WINDOWS\System32\SHELL32.dll
0x00007ffc71060000 - 0x00007ffc7195f000 	C:\WINDOWS\SYSTEM32\windows.storage.dll
0x00007ffc70e40000 - 0x00007ffc70f7f000 	C:\WINDOWS\SYSTEM32\wintypes.dll
0x00007ffc753d0000 - 0x00007ffc754c9000 	C:\WINDOWS\System32\SHCORE.dll
0x00007ffc74a90000 - 0x00007ffc74aee000 	C:\WINDOWS\System32\shlwapi.dll
0x00007ffc73430000 - 0x00007ffc73457000 	C:\WINDOWS\SYSTEM32\profapi.dll
0x00007ffc29a20000 - 0x00007ffc29a39000 	C:\Program Files\Java\jdk-17\bin\net.dll
0x00007ffc6c8b0000 - 0x00007ffc6c9e6000 	C:\WINDOWS\SYSTEM32\WINHTTP.dll
0x00007ffc72a60000 - 0x00007ffc72ac9000 	C:\WINDOWS\system32\mswsock.dll
0x00007ffc29a00000 - 0x00007ffc29a16000 	C:\Program Files\Java\jdk-17\bin\nio.dll
0x00007ffc2af30000 - 0x00007ffc2af48000 	C:\Program Files\Java\jdk-17\bin\zip.dll
0x00007ffc45150000 - 0x00007ffc45160000 	C:\Program Files\Java\jdk-17\bin\verify.dll
0x00007ffc52350000 - 0x00007ffc5235e000 	C:\Program Files\Java\jdk-17\bin\sunmscapi.dll
0x00007ffc73b70000 - 0x00007ffc73cd6000 	C:\WINDOWS\System32\CRYPT32.dll
0x00007ffc72ea0000 - 0x00007ffc72ecd000 	C:\WINDOWS\SYSTEM32\ncrypt.dll
0x00007ffc72e60000 - 0x00007ffc72e97000 	C:\WINDOWS\SYSTEM32\NTASN1.dll
0x00007ffc68e40000 - 0x00007ffc68e48000 	C:\WINDOWS\system32\wshunix.dll
0x00007ffc72db0000 - 0x00007ffc72dcb000 	C:\WINDOWS\SYSTEM32\CRYPTSP.dll
0x00007ffc72560000 - 0x00007ffc72595000 	C:\WINDOWS\system32\rsaenh.dll
0x00007ffc72b00000 - 0x00007ffc72b28000 	C:\WINDOWS\SYSTEM32\USERENV.dll
0x00007ffc72d90000 - 0x00007ffc72d9c000 	C:\WINDOWS\SYSTEM32\CRYPTBASE.dll
0x00007ffc72000000 - 0x00007ffc7202d000 	C:\WINDOWS\SYSTEM32\IPHLPAPI.DLL
0x00007ffc74af0000 - 0x00007ffc74af9000 	C:\WINDOWS\System32\NSI.dll
0x00007ffc6bab0000 - 0x00007ffc6bac9000 	C:\WINDOWS\SYSTEM32\dhcpcsvc6.DLL
0x00007ffc6ba90000 - 0x00007ffc6baaf000 	C:\WINDOWS\SYSTEM32\dhcpcsvc.DLL
0x00007ffc72030000 - 0x00007ffc72132000 	C:\WINDOWS\SYSTEM32\DNSAPI.dll

dbghelp: loaded successfully - version: 4.0.5 - missing functions: none
symbol engine: initialized successfully - sym options: 0x614 - pdb path: .;C:\Program Files\Java\jdk-17\bin;C:\WINDOWS\SYSTEM32;C:\WINDOWS\WinSxS\amd64_microsoft.windows.common-controls_6595b64144ccf1df_6.0.22621.3672_none_2713b9d173822955;C:\Program Files\Java\jdk-17\bin\server

VM Arguments:
jvm_args: -Dorg.gradle.internal.worker.tmpdir=C:\Users\pjj\Desktop\25년 이직 화이팅\부트캠퍼스\1강\boardServer\boardServer\build\tmp\test\work -Xmx512m -Dfile.encoding=x-windows-949 -Duser.country=KR -Duser.language=ko -Duser.variant -ea 
java_command: worker.org.gradle.process.internal.worker.GradleWorkerMain 'Gradle Test Executor 10'
java_class_path (initial): C:\Users\pjj\.gradle\caches\8.10.2\workerMain\gradle-worker.jar;C:\Users\pjj\Desktop\25년 이직 화이팅\부트캠퍼스\1강\boardServer\boardServer\build\classes\java\test;C:\Users\pjj\Desktop\25년 이직 화이팅\부트캠퍼스\1강\boardServer\boardServer\build\classes\java\main;C:\Users\pjj\Desktop\25년 이직 화이팅\부트캠퍼스\1강\boardServer\boardServer\build\resources\main;C:\Users\pjj\.gradle\caches\modules-2\files-2.1\org.springframework.boot\spring-boot-starter-web\3.2.11\ef1a30f02a2a031b9ccd5ab7c16487ef315ee303\spring-boot-starter-web-3.2.11.jar;C:\Users\pjj\.gradle\caches\modules-2\files-2.1\org.mybatis.spring.boot\mybatis-spring-boot-starter\3.0.1\24dc6d5ea60fe36c0310681c16a25e9c7d9c45ce\mybatis-spring-boot-starter-3.0.1.jar;C:\Users\pjj\.gradle\caches\modules-2\files-2.1\com.mysql\mysql-connector-j\8.3.0\1cc7fa5d61f4bbc113531a4ba6d85d41cf3d57e1\mysql-connector-j-8.3.0.jar;C:\Users\pjj\.gradle\caches\modules-2\files-2.1\org.springframework.boot\spring-boot-starter-test\3.2.11\abe7c8772a2155ea27b058be1ae64772be222efa\spring-boot-starter-test-3.2.11.jar;C:\Users\pjj\.gradle\caches\modules-2\files-2.1\org.junit.jupiter\junit-jupiter\5.10.5\cbf98926c44240c9ca1519a20e58722be6d6a44a\junit-jupiter-5.10.5.jar;C:\Users\pjj\.gradle\caches\modules-2\files-2.1\org.junit.jupiter\junit-jupiter-engine\5.10.5\e234785788419ffdfc4b65474b2081c0a9f7e77d\junit-jupiter-engine-5.10.5.jar;C:\Users\pjj\.gradle\caches\modules-2\files-2.1\org.junit.platform\junit-platform-engine\1.10.5\7db4b98a955a2686d893a8a209591f029c438b44\junit-platform-engine-1.10.5.jar;C:\Users\pjj\.gradle\caches\modules-2\files-2.1\org.mockito\mockito-junit-jupiter\5.7.0\ac2d6a3431747a7986b8f4abef465f72bf3a21ae\mockito-junit-jupiter-5.7.0.jar;C:\Users\pjj\.gradle\caches\modules-2\files-2.1\org.junit.jupiter\junit-jupiter-params\5.10.5\e19d95e190aedb81c883d50cc05b1860400d957c\junit-jupiter-params-5.10.5.jar;C:\Users\pjj\.gradle\caches\modules-2\files-2.1\org.junit.jupiter\junit-jupiter-api\5.10.5\
Launcher Type: SUN_STANDARD

[Global flags]
     intx CICompilerCount                          = 4                                         {product} {ergonomic}
     uint ConcGCThreads                            = 2                                         {product} {ergonomic}
     uint G1ConcRefinementThreads                  = 8                                         {product} {ergonomic}
   size_t G1HeapRegionSize                         = 1048576                                   {product} {ergonomic}
    uintx GCDrainStackTargetSize                   = 64                                        {product} {ergonomic}
   size_t InitialHeapSize                          = 264241152                                 {product} {ergonomic}
   size_t MarkStackSize                            = 4194304                                   {product} {ergonomic}
   size_t MaxHeapSize                              = 536870912                                 {product} {command line}
   size_t MaxNewSize                               = 321912832                                 {product} {ergonomic}
   size_t MinHeapDeltaBytes                        = 1048576                                   {product} {ergonomic}
   size_t MinHeapSize                              = 8388608                                   {product} {ergonomic}
    uintx NonNMethodCodeHeapSize                   = 5839372                                {pd product} {ergonomic}
    uintx NonProfiledCodeHeapSize                  = 122909434                              {pd product} {ergonomic}
    uintx ProfiledCodeHeapSize                     = 122909434                              {pd product} {ergonomic}
    uintx ReservedCodeCacheSize                    = 251658240                              {pd product} {ergonomic}
     bool SegmentedCodeCache                       = true                                      {product} {ergonomic}
   size_t SoftMaxHeapSize                          = 536870912                              {manageable} {ergonomic}
     bool UseCompressedClassPointers               = true                           {product lp64_product} {ergonomic}
     bool UseCompressedOops                        = true                           {product lp64_product} {ergonomic}
     bool UseG1GC                                  = true                                      {product} {ergonomic}
     bool UseLargePagesIndividualAllocation        = false                                  {pd product} {ergonomic}

Logging:
Log output configuration:
 #0: stdout all=warning uptime,level,tags
 #1: stderr all=off uptime,level,tags

Environment Variables:
JAVA_HOME=C:\Program Files\Java\jdk-17
PATH=C:\Program Files\Common Files\Oracle\Java\javapath;C:\WINDOWS\system32;C:\WINDOWS;C:\WINDOWS\System32\Wbem;C:\WINDOWS\System32\WindowsPowerShell\v1.0\;C:\WINDOWS\System32\OpenSSH\;C:\Program Files (x86)\NVIDIA Corporation\PhysX\Common;C:\Program Files\NVIDIA Corporation\NVIDIA NvDLISR;C:\Program Files\Bandizip\;C:\Program Files\dotnet\;C:\Program Files\Git\cmd;C:\WINDOWS\system32;C:\WINDOWS;C:\WINDOWS\System32\Wbem;C:\WINDOWS\System32\WindowsPowerShell\v1.0\;C:\WINDOWS\System32\OpenSSH\;C:\Program Files\Docker\Docker\resources\bin;"C:\Program Files\Java\jdk-17\bin;";C:\Program Files\PuTTY\;C:\Users\pjj\AppData\Local\Microsoft\WindowsApps;C:\Program Files\JetBrains\IntelliJ IDEA Community Edition 2022.3.1\bin;;C:\Users\pjj\AppData\Local\GitHubDesktop\bin;
USERNAME=pjj
OS=Windows_NT
PROCESSOR_IDENTIFIER=Intel64 Family 6 Model 140 Stepping 1, GenuineIntel



---------------  S Y S T E M  ---------------

OS:
 Windows 11 , 64 bit Build 22621 (10.0.22621.3958)
OS uptime: 2 days 1:31 hours
Hyper-V role detected

CPU: total 8 (initial active 8) (4 cores per cpu, 2 threads per core) family 6 model 140 stepping 1 microcode 0x86, cx8, cmov, fxsr, ht, mmx, 3dnowpref, sse, sse2, sse3, ssse3, sse4.1, sse4.2, popcnt, lzcnt, tsc, tscinvbit, avx, avx2, aes, erms, clmul, bmi1, bmi2, adx, avx512f, avx512dq, avx512cd, avx512bw, avx512vl, sha, fma, vzeroupper, avx512_vpopcntdq, avx512_vpclmulqdq, avx512_vaes, avx512_vnni, clflush, clflushopt, clwb, avx512_vbmi2, avx512_vbmi, hv

Memory: 4k page, system-wide physical 16075M (708M free)
TotalPageFile size 65227M (AvailPageFile size 2M)
current process WorkingSet (physical memory assigned to process): 112M, peak: 113M
current process commit charge ("private bytes"): 378M, peak: 379M

vm_info: Java HotSpot(TM) 64-Bit Server VM (17.0.9+11-LTS-201) for windows-amd64 JRE (17.0.9+11-LTS-201), built on Oct 10 2023 23:16:06 by "mach5one" with MS VC++ 17.1 (VS2022)

END.
